

Microchip Technology PIC18 LITE Macro Assembler V1.45 build -152302408 
                                                                                               Sun Jul 15 21:01:20 2018

Microchip Technology Omniscient Code Generator v1.45 (Free mode) build 201711160504
     1                           	processor	18F4550
     2                           	fnconf	rparam,??,?,0
     3                           	opt	pw 120
     4                           	opt	lm
     5                           	psect	smallconst,global,reloc=2,class=SMALLCONST,delta=1,noexec
     6                           	psect	cinit,global,reloc=2,class=CODE,delta=1
     7                           	psect	bssCOMRAM,global,class=COMRAM,space=1,delta=1,noexec
     8                           	psect	cstackCOMRAM,global,class=COMRAM,space=1,delta=1,noexec
     9                           	psect	text0,global,reloc=2,class=CODE,delta=1
    10                           	psect	text1,global,reloc=2,class=CODE,delta=1
    11                           	psect	text2,global,reloc=2,class=CODE,delta=1
    12                           	psect	text3,global,reloc=2,class=CODE,delta=1
    13                           	psect	text4,global,reloc=2,class=CODE,delta=1
    14                           	psect	text5,global,reloc=2,class=CODE,delta=1
    15                           	psect	text6,global,reloc=2,class=CODE,delta=1
    16                           	psect	text7,global,reloc=2,class=CODE,delta=1
    17                           	psect	text8,global,reloc=2,class=CODE,delta=1
    18                           	psect	text9,global,reloc=2,class=CODE,delta=1
    19                           	psect	text10,global,reloc=2,class=CODE,delta=1
    20                           	psect	text11,global,reloc=2,class=CODE,delta=1
    21                           	psect	text12,global,reloc=2,class=CODE,delta=1
    22                           	psect	intsave_regs,global,class=BIGRAM,space=1,delta=1,noexec
    23                           	psect	rparam,global,class=COMRAM,space=1,delta=1,noexec
    24  0000                     
    25                           ; Version 1.45
    26                           ; Generated 16/11/2017 GMT
    27                           ; 
    28                           ; Copyright © 2017, Microchip Technology Inc. and its subsidiaries ("Microchip")
    29                           ; All rights reserved.
    30                           ; 
    31                           ; This software is developed by Microchip Technology Inc. and its subsidiaries ("Microch
      +                          ip").
    32                           ; 
    33                           ; Redistribution and use in source and binary forms, with or without modification, are
    34                           ; permitted provided that the following conditions are met:
    35                           ; 
    36                           ;     1. Redistributions of source code must retain the above copyright notice, this lis
      +                          t of
    37                           ;        conditions and the following disclaimer.
    38                           ; 
    39                           ;     2. Redistributions in binary form must reproduce the above copyright notice, this 
      +                          list
    40                           ;        of conditions and the following disclaimer in the documentation and/or other
    41                           ;        materials provided with the distribution.
    42                           ; 
    43                           ;     3. Microchip's name may not be used to endorse or promote products derived from th
      +                          is
    44                           ;        software without specific prior written permission.
    45                           ; 
    46                           ; THIS SOFTWARE IS PROVIDED BY MICROCHIP "AS IS" AND ANY EXPRESS OR IMPLIED WARRANTIES,
    47                           ; INCLUDING, BUT NOT LIMITED TO, THE IMPLIED WARRANTIES OF MERCHANTABILITY AND FITNESS F
      +                          OR
    48                           ; PURPOSE ARE DISCLAIMED.  IN NO EVENT SHALL MICROCHIP BE LIABLE FOR ANY DIRECT, INDIREC
      +                          T,
    49                           ; INCIDENTAL, SPECIAL, EXEMPLARY, OR CONSEQUENTIAL DAMAGES (INCLUDING BUT NOT LIMITED TO
    50                           ; PROCUREMENT OF SUBSTITUTE GOODS OR SERVICES; LOSS OF USE, DATA OR PROFITS; OR BUSINESS
    51                           ; INTERRUPTION) HOWSOEVER CAUSED AND ON ANY THEORY OF LIABILITY, WHETHER IN CONTRACT, ST
      +                          RICT
    52                           ; LIABILITY, OR TORT (INCLUDING NEGLIGENCE OR OTHERWISE) ARISING IN ANY WAY OUT OF THE U
      +                          SE OF
    53                           ; THIS SOFTWARE, EVEN IF ADVISED OF THE POSSIBILITY OF SUCH DAMAGE.
    54                           ; 
    55                           ; 
    56                           ; Code-generator required, PIC18F4550 Definitions
    57                           ; 
    58                           ; SFR Addresses
    59  0000                     _ADRES	set	4035
    60  0000                     _ADCON0bits	set	4034
    61  0000                     _ADCON2bits	set	4032
    62  0000                     _ADCON0	set	4034
    63  0000                     _ADCON1bits	set	4033
    64  0000                     _LATDbits	set	3980
    65  0000                     _TRISDbits	set	3989
    66  0000                     _TRISD	set	3989
    67  0000                     _PORTD	set	3971
    68  0000                     _PORTBbits	set	3969
    69  0000                     _TRISA	set	3986
    70  0000                     _TRISBbits	set	3987
    71                           
    72                           	psect	smallconst
    73  000800                     __psmallconst:
    74                           	opt stack 0
    75  000800  00                 	db	0
    76  000801                     STR_1:
    77  000801  2A                 	db	42
    78  000802  2A                 	db	42
    79  000803  2A                 	db	42
    80  000804  2A                 	db	42
    81  000805  2A                 	db	42
    82  000806  2A                 	db	42
    83  000807  41                 	db	65	;'A'
    84  000808  44                 	db	68	;'D'
    85  000809  43                 	db	67	;'C'
    86  00080A  2A                 	db	42
    87  00080B  2A                 	db	42
    88  00080C  2A                 	db	42
    89  00080D  2A                 	db	42
    90  00080E  2A                 	db	42
    91  00080F  2A                 	db	42
    92  000810  2A                 	db	42
    93  000811  00                 	db	0
    94  000812                     STR_2:
    95  000812  20                 	db	32
    96  000813  20                 	db	32
    97  000814  20                 	db	32
    98  000815  20                 	db	32
    99  000816  42                 	db	66	;'B'
   100  000817  79                 	db	121	;'y'
   101  000818  20                 	db	32
   102  000819  57                 	db	87	;'W'
   103  00081A  45                 	db	69	;'E'
   104  00081B  4C                 	db	76	;'L'
   105  00081C  53                 	db	83	;'S'
   106  00081D  20                 	db	32
   107  00081E  20                 	db	32
   108  00081F  20                 	db	32
   109  000820  20                 	db	32
   110  000821  00                 	db	0
   111  000822                     STR_3:
   112  000822  56                 	db	86	;'V'
   113  000823  4F                 	db	79	;'O'
   114  000824  4C                 	db	76	;'L'
   115  000825  54                 	db	84	;'T'
   116  000826  41                 	db	65	;'A'
   117  000827  4A                 	db	74	;'J'
   118  000828  45                 	db	69	;'E'
   119  000829  20                 	db	32
   120  00082A  45                 	db	69	;'E'
   121  00082B  53                 	db	83	;'S'
   122  00082C  3A                 	db	58	;':'
   123  00082D  00                 	db	0
   124                           
   125                           ; #config settings
   126  00082E  00                 	db	0	; dummy byte at the end
   127  0000                     
   128                           	psect	cinit
   129  000B96                     __pcinit:
   130                           	opt stack 0
   131  000B96                     start_initialization:
   132                           	opt stack 0
   133  000B96                     __initialization:
   134                           	opt stack 0
   135                           
   136                           ; Clear objects allocated to COMRAM (25 bytes)
   137  000B96  EE00  F001         	lfsr	0,__pbssCOMRAM
   138  000B9A  0E19               	movlw	25
   139  000B9C                     clear_0:
   140  000B9C  6AEE               	clrf	postinc0,c
   141  000B9E  06E8               	decf	wreg,f,c
   142  000BA0  E1FD               	bnz	clear_0
   143  000BA2                     end_of_initialization:
   144                           	opt stack 0
   145  000BA2                     __end_of__initialization:
   146                           	opt stack 0
   147  000BA2  0E00               	movlw	low (__Lsmallconst shr (0+16))
   148  000BA4  6EF8               	movwf	tblptru,c
   149  000BA6  0E08               	movlw	high __Lsmallconst
   150  000BA8  6EF7               	movwf	tblptrh,c
   151  000BAA  0100               	movlb	0
   152  000BAC  EF18  F004         	goto	_main	;jump to C main() function
   153                           tblptru	equ	0xFF8
   154                           tblptrh	equ	0xFF7
   155                           postinc0	equ	0xFEE
   156                           wreg	equ	0xFE8
   157                           
   158                           	psect	bssCOMRAM
   159  000001                     __pbssCOMRAM:
   160                           	opt stack 0
   161  000001                     _datos:
   162                           	opt stack 0
   163  000001                     	ds	20
   164  000015                     _voltaje:
   165                           	opt stack 0
   166  000015                     	ds	3
   167  000018                     _valor:
   168                           	opt stack 0
   169  000018                     	ds	2
   170                           tblptru	equ	0xFF8
   171                           tblptrh	equ	0xFF7
   172                           postinc0	equ	0xFEE
   173                           wreg	equ	0xFE8
   174                           
   175                           	psect	cstackCOMRAM
   176  00001A                     __pcstackCOMRAM:
   177                           	opt stack 0
   178  00001A                     ??_SetDDRamAddr:
   179  00001A                     ??_DelayPORXLCD:
   180  00001A                     ?_ADC_read:
   181                           	opt stack 0
   182  00001A                     WriteCmdXLCD@cmd:
   183                           	opt stack 0
   184  00001A                     WriteDataXLCD@data:
   185                           	opt stack 0
   186                           
   187                           ; 1 bytes @ 0x0
   188  00001A                     	ds	1
   189  00001B                     LCD_gotoXY@x:
   190                           	opt stack 0
   191  00001B                     putrsXLCD@buffer:
   192                           	opt stack 0
   193                           
   194                           ; 2 bytes @ 0x1
   195  00001B                     	ds	1
   196  00001C                     ADC_read@ch:
   197                           	opt stack 0
   198                           
   199                           ; 1 bytes @ 0x2
   200  00001C                     	ds	1
   201  00001D                     SetDDRamAddr@DDaddr:
   202                           	opt stack 0
   203  00001D                     LCD_gotoXY@y:
   204                           	opt stack 0
   205                           
   206                           ; 2 bytes @ 0x3
   207  00001D                     	ds	1
   208  00001E                     OpenXLCD@lcdtype:
   209                           	opt stack 0
   210                           
   211                           ; 1 bytes @ 0x4
   212  00001E                     	ds	1
   213  00001F                     ??_main:
   214                           
   215                           ; 1 bytes @ 0x5
   216  00001F                     	ds	2
   217                           tblptru	equ	0xFF8
   218                           tblptrh	equ	0xFF7
   219                           postinc0	equ	0xFEE
   220                           wreg	equ	0xFE8
   221                           
   222 ;;
   223 ;;Main: autosize = 0, tempsize = 2, incstack = 0, save=0
   224 ;;
   225 ;; *************** function _main *****************
   226 ;; Defined at:
   227 ;;		line 53 in file "Programa_principal.c"
   228 ;; Parameters:    Size  Location     Type
   229 ;;		None
   230 ;; Auto vars:     Size  Location     Type
   231 ;;		None
   232 ;; Return value:  Size  Location     Type
   233 ;;                  1    wreg      void 
   234 ;; Registers used:
   235 ;;		wreg, status,2, status,0, tblptrl, tblptrh, tblptru, cstack
   236 ;; Tracked objects:
   237 ;;		On entry : 0/0
   238 ;;		On exit  : 0/0
   239 ;;		Unchanged: 0/0
   240 ;; Data sizes:     COMRAM   BANK0   BANK1   BANK2   BANK3   BANK4   BANK5   BANK6   BANK7
   241 ;;      Params:         0       0       0       0       0       0       0       0       0
   242 ;;      Locals:         0       0       0       0       0       0       0       0       0
   243 ;;      Temps:          2       0       0       0       0       0       0       0       0
   244 ;;      Totals:         2       0       0       0       0       0       0       0       0
   245 ;;Total ram usage:        2 bytes
   246 ;; Hardware stack levels required when called:    4
   247 ;; This function calls:
   248 ;;		_ADC_init
   249 ;;		_ADC_read
   250 ;;		_LCD_Init
   251 ;;		_LCD_gotoXY
   252 ;;		_WriteCmdXLCD
   253 ;;		_putrsXLCD
   254 ;; This function is called by:
   255 ;;		Startup code after reset
   256 ;; This function uses a non-reentrant model
   257 ;;
   258                           
   259                           	psect	text0
   260  000830                     __ptext0:
   261                           	opt stack 0
   262  000830                     _main:
   263                           	opt stack 27
   264                           
   265                           ;Programa_principal.c: 54: TRISBbits.RB0 = 0;
   266                           
   267                           ;incstack = 0
   268  000830  9093               	bcf	3987,0,c	;volatile
   269                           
   270                           ;Programa_principal.c: 55: LCD_Init();
   271  000832  ECBC  F005         	call	_LCD_Init	;wreg free
   272                           
   273                           ;Programa_principal.c: 56: ADC_init();
   274  000836  EC99  F005         	call	_ADC_init	;wreg free
   275                           
   276                           ;Programa_principal.c: 57: TRISA = 1;
   277  00083A  0E01               	movlw	1
   278  00083C  6E92               	movwf	3986,c	;volatile
   279                           
   280                           ;Programa_principal.c: 58: LCD_gotoXY(0,0);
   281  00083E  0E00               	movlw	0
   282  000840  6E1C               	movwf	LCD_gotoXY@x+1,c
   283  000842  0E00               	movlw	0
   284  000844  6E1B               	movwf	LCD_gotoXY@x,c
   285  000846  0E00               	movlw	0
   286  000848  6E1E               	movwf	LCD_gotoXY@y+1,c
   287  00084A  0E00               	movlw	0
   288  00084C  6E1D               	movwf	LCD_gotoXY@y,c
   289  00084E  ECAB  F005         	call	_LCD_gotoXY	;wreg free
   290                           
   291                           ;Programa_principal.c: 59: putrsXLCD("******ADC*******");
   292  000852  0E01               	movlw	low STR_1
   293  000854  6E1B               	movwf	putrsXLCD@buffer,c
   294  000856  0E08               	movlw	high STR_1
   295  000858  6E1C               	movwf	putrsXLCD@buffer+1,c
   296  00085A  EC66  F005         	call	_putrsXLCD	;wreg free
   297                           
   298                           ;Programa_principal.c: 60: _delay((unsigned long)((100)*(20000000L/4000.0)));
   299  00085E  0E03               	movlw	3
   300  000860  6E20               	movwf	(??_main+1)& (0+255),c
   301  000862  0E8A               	movlw	138
   302  000864  6E1F               	movwf	??_main& (0+255),c
   303  000866  0E56               	movlw	86
   304  000868                     u327:
   305  000868  2EE8               	decfsz	wreg,f,c
   306  00086A  D7FE               	bra	u327
   307  00086C  2E1F               	decfsz	??_main& (0+255),f,c
   308  00086E  D7FC               	bra	u327
   309  000870  2E20               	decfsz	(??_main+1)& (0+255),f,c
   310  000872  D7FA               	bra	u327
   311                           
   312                           ;Programa_principal.c: 61: LCD_gotoXY(1,0);
   313  000874  0E00               	movlw	0
   314  000876  6E1C               	movwf	LCD_gotoXY@x+1,c
   315  000878  0E01               	movlw	1
   316  00087A  6E1B               	movwf	LCD_gotoXY@x,c
   317  00087C  0E00               	movlw	0
   318  00087E  6E1E               	movwf	LCD_gotoXY@y+1,c
   319  000880  0E00               	movlw	0
   320  000882  6E1D               	movwf	LCD_gotoXY@y,c
   321  000884  ECAB  F005         	call	_LCD_gotoXY	;wreg free
   322                           
   323                           ;Programa_principal.c: 62: putrsXLCD("    By WELS    ");
   324  000888  0E12               	movlw	low STR_2
   325  00088A  6E1B               	movwf	putrsXLCD@buffer,c
   326  00088C  0E08               	movlw	high STR_2
   327  00088E  6E1C               	movwf	putrsXLCD@buffer+1,c
   328  000890  EC66  F005         	call	_putrsXLCD	;wreg free
   329                           
   330                           ;Programa_principal.c: 63: _delay((unsigned long)((500)*(20000000L/4000.0)));
   331  000894  0E0D               	movlw	13
   332  000896  6E20               	movwf	(??_main+1)& (0+255),c
   333  000898  0EAF               	movlw	175
   334  00089A  6E1F               	movwf	??_main& (0+255),c
   335  00089C  0EB6               	movlw	182
   336  00089E                     u337:
   337  00089E  2EE8               	decfsz	wreg,f,c
   338  0008A0  D7FE               	bra	u337
   339  0008A2  2E1F               	decfsz	??_main& (0+255),f,c
   340  0008A4  D7FC               	bra	u337
   341  0008A6  2E20               	decfsz	(??_main+1)& (0+255),f,c
   342  0008A8  D7FA               	bra	u337
   343  0008AA  D000               	nop2	
   344                           
   345                           ;Programa_principal.c: 64: WriteCmdXLCD(0x01);
   346  0008AC  0E01               	movlw	1
   347  0008AE  EC2A  F005         	call	_WriteCmdXLCD
   348  0008B2                     
   349                           ;Programa_principal.c: 66: LCD_gotoXY(0,0);
   350  0008B2  0E00               	movlw	0
   351  0008B4  6E1C               	movwf	LCD_gotoXY@x+1,c
   352  0008B6  0E00               	movlw	0
   353  0008B8  6E1B               	movwf	LCD_gotoXY@x,c
   354  0008BA  0E00               	movlw	0
   355  0008BC  6E1E               	movwf	LCD_gotoXY@y+1,c
   356  0008BE  0E00               	movlw	0
   357  0008C0  6E1D               	movwf	LCD_gotoXY@y,c
   358  0008C2  ECAB  F005         	call	_LCD_gotoXY	;wreg free
   359                           
   360                           ;Programa_principal.c: 67: putrsXLCD("VOLTAJE ES:");
   361  0008C6  0E22               	movlw	low STR_3
   362  0008C8  6E1B               	movwf	putrsXLCD@buffer,c
   363  0008CA  0E08               	movlw	high STR_3
   364  0008CC  6E1C               	movwf	putrsXLCD@buffer+1,c
   365  0008CE  EC66  F005         	call	_putrsXLCD	;wreg free
   366                           
   367                           ;Programa_principal.c: 68: _delay((unsigned long)((100)*(20000000L/4000.0)));
   368  0008D2  0E03               	movlw	3
   369  0008D4  6E20               	movwf	(??_main+1)& (0+255),c
   370  0008D6  0E8A               	movlw	138
   371  0008D8  6E1F               	movwf	??_main& (0+255),c
   372  0008DA  0E56               	movlw	86
   373  0008DC                     u347:
   374  0008DC  2EE8               	decfsz	wreg,f,c
   375  0008DE  D7FE               	bra	u347
   376  0008E0  2E1F               	decfsz	??_main& (0+255),f,c
   377  0008E2  D7FC               	bra	u347
   378  0008E4  2E20               	decfsz	(??_main+1)& (0+255),f,c
   379  0008E6  D7FA               	bra	u347
   380                           
   381                           ;Programa_principal.c: 69: valor = ADC_read(0);
   382  0008E8  0E00               	movlw	0
   383  0008EA  EC80  F005         	call	_ADC_read
   384  0008EE  C01A  F018         	movff	?_ADC_read,_valor
   385  0008F2  C01B  F019         	movff	?_ADC_read+1,_valor+1
   386                           
   387                           ;Programa_principal.c: 70: if(valor < 200){
   388  0008F6  5019               	movf	_valor+1,w,c
   389  0008F8  E106               	bnz	l1229
   390  0008FA  0EC8               	movlw	200
   391  0008FC  5C18               	subwf	_valor,w,c
   392  0008FE  B0D8               	btfsc	status,0,c
   393  000900  D002               	goto	l40
   394                           
   395                           ;Programa_principal.c: 71: PORTBbits.RB0 = 1;
   396  000902  8081               	bsf	3969,0,c	;volatile
   397                           
   398                           ;Programa_principal.c: 72: }
   399  000904  D7D6               	goto	l39
   400  000906                     l40:
   401  000906                     l1229:
   402                           
   403                           ;Programa_principal.c: 73: else if(valor <500){
   404  000906  0EF4               	movlw	244
   405  000908  5C18               	subwf	_valor,w,c
   406  00090A  0E01               	movlw	1
   407  00090C  5819               	subwfb	_valor+1,w,c
   408  00090E  B0D8               	btfsc	status,0,c
   409  000910  D7D0               	goto	l39
   410                           
   411                           ;Programa_principal.c: 74: PORTBbits.RB0 = 0;
   412  000912  9081               	bcf	3969,0,c	;volatile
   413  000914  D7CE               	goto	l39
   414  000916                     __end_of_main:
   415                           	opt stack 0
   416                           tblptru	equ	0xFF8
   417                           tblptrh	equ	0xFF7
   418                           postinc0	equ	0xFEE
   419                           wreg	equ	0xFE8
   420                           status	equ	0xFD8
   421                           
   422 ;; *************** function _putrsXLCD *****************
   423 ;; Defined at:
   424 ;;		line 138 in file "LCD_libreria.c"
   425 ;; Parameters:    Size  Location     Type
   426 ;;  buffer          2    1[COMRAM] PTR const unsigned char 
   427 ;;		 -> STR_3(12), STR_2(16), STR_1(17), 
   428 ;; Auto vars:     Size  Location     Type
   429 ;;		None
   430 ;; Return value:  Size  Location     Type
   431 ;;                  1    wreg      void 
   432 ;; Registers used:
   433 ;;		wreg, status,2, status,0, tblptrl, tblptrh, tblptru, cstack
   434 ;; Tracked objects:
   435 ;;		On entry : 0/0
   436 ;;		On exit  : 0/0
   437 ;;		Unchanged: 0/0
   438 ;; Data sizes:     COMRAM   BANK0   BANK1   BANK2   BANK3   BANK4   BANK5   BANK6   BANK7
   439 ;;      Params:         2       0       0       0       0       0       0       0       0
   440 ;;      Locals:         0       0       0       0       0       0       0       0       0
   441 ;;      Temps:          0       0       0       0       0       0       0       0       0
   442 ;;      Totals:         2       0       0       0       0       0       0       0       0
   443 ;;Total ram usage:        2 bytes
   444 ;; Hardware stack levels used:    1
   445 ;; Hardware stack levels required when called:    3
   446 ;; This function calls:
   447 ;;		_BusyXLCD
   448 ;;		_WriteDataXLCD
   449 ;; This function is called by:
   450 ;;		_main
   451 ;; This function uses a non-reentrant model
   452 ;;
   453                           
   454                           	psect	text1
   455  000ACC                     __ptext1:
   456                           	opt stack 0
   457  000ACC                     _putrsXLCD:
   458                           	opt stack 27
   459                           
   460                           ;LCD_libreria.c: 140: while(*buffer)
   461                           
   462                           ;incstack = 0
   463  000ACC  D00F               	goto	l113
   464  000ACE                     
   465                           ;LCD_libreria.c: 141: {
   466                           ;LCD_libreria.c: 142: while(BusyXLCD());
   467  000ACE  EC49  F005         	call	_BusyXLCD	;wreg free
   468  000AD2  0900               	iorlw	0
   469  000AD4  A4D8               	btfss	status,2,c
   470  000AD6  D7FB               	goto	l114
   471                           
   472                           ;LCD_libreria.c: 143: WriteDataXLCD(*buffer);
   473  000AD8  C01B  FFF6         	movff	putrsXLCD@buffer,tblptrl
   474  000ADC  C01C  FFF7         	movff	putrsXLCD@buffer+1,tblptrh
   475  000AE0                     	if	0	;tblptru may be non-zero
   476  000AE0                     	endif
   477  000AE0                     	if	0	;tblptru may be non-zero
   478  000AE0                     	endif
   479  000AE0  0008               	tblrd		*
   480  000AE2  50F5               	movf	tablat,w,c
   481  000AE4  EC06  F005         	call	_WriteDataXLCD
   482                           
   483                           ;LCD_libreria.c: 144: buffer++;
   484  000AE8  4A1B               	infsnz	putrsXLCD@buffer,f,c
   485  000AEA  2A1C               	incf	putrsXLCD@buffer+1,f,c
   486  000AEC                     l113:
   487  000AEC  C01B  FFF6         	movff	putrsXLCD@buffer,tblptrl
   488  000AF0  C01C  FFF7         	movff	putrsXLCD@buffer+1,tblptrh
   489  000AF4                     	if	0	;tblptru may be non-zero
   490  000AF4                     	endif
   491  000AF4                     	if	0	;tblptru may be non-zero
   492  000AF4                     	endif
   493  000AF4  0008               	tblrd		*
   494  000AF6  50F5               	movf	tablat,w,c
   495  000AF8  0900               	iorlw	0
   496  000AFA  B4D8               	btfsc	status,2,c
   497  000AFC  0012               	return	
   498  000AFE  D7E7               	goto	l114
   499  000B00                     __end_of_putrsXLCD:
   500                           	opt stack 0
   501                           tblptru	equ	0xFF8
   502                           tblptrh	equ	0xFF7
   503                           tblptrl	equ	0xFF6
   504                           tablat	equ	0xFF5
   505                           postinc0	equ	0xFEE
   506                           wreg	equ	0xFE8
   507                           status	equ	0xFD8
   508                           
   509 ;; *************** function _WriteDataXLCD *****************
   510 ;; Defined at:
   511 ;;		line 395 in file "LCD_libreria.c"
   512 ;; Parameters:    Size  Location     Type
   513 ;;  data            1    wreg     unsigned char 
   514 ;; Auto vars:     Size  Location     Type
   515 ;;  data            1    0[COMRAM] unsigned char 
   516 ;; Return value:  Size  Location     Type
   517 ;;                  1    wreg      void 
   518 ;; Registers used:
   519 ;;		wreg, status,2, status,0, cstack
   520 ;; Tracked objects:
   521 ;;		On entry : 0/0
   522 ;;		On exit  : 0/0
   523 ;;		Unchanged: 0/0
   524 ;; Data sizes:     COMRAM   BANK0   BANK1   BANK2   BANK3   BANK4   BANK5   BANK6   BANK7
   525 ;;      Params:         0       0       0       0       0       0       0       0       0
   526 ;;      Locals:         1       0       0       0       0       0       0       0       0
   527 ;;      Temps:          0       0       0       0       0       0       0       0       0
   528 ;;      Totals:         1       0       0       0       0       0       0       0       0
   529 ;;Total ram usage:        1 bytes
   530 ;; Hardware stack levels used:    1
   531 ;; Hardware stack levels required when called:    2
   532 ;; This function calls:
   533 ;;		_BusyXLCD
   534 ;;		_DelayFor18TCY
   535 ;; This function is called by:
   536 ;;		_putrsXLCD
   537 ;;		_LCD_WriteChr_CGRAM
   538 ;;		_putsXLCD
   539 ;; This function uses a non-reentrant model
   540 ;;
   541                           
   542                           	psect	text2
   543  000A0C                     __ptext2:
   544                           	opt stack 0
   545  000A0C                     _WriteDataXLCD:
   546                           	opt stack 27
   547                           
   548                           ;incstack = 0
   549                           ;WriteDataXLCD@data stored from wreg
   550  000A0C  6E1A               	movwf	WriteDataXLCD@data,c
   551  000A0E                     
   552                           ;LCD_libreria.c: 397: while(BusyXLCD());
   553  000A0E  EC49  F005         	call	_BusyXLCD	;wreg free
   554  000A12  0900               	iorlw	0
   555  000A14  A4D8               	btfss	status,2,c
   556  000A16  D7FB               	goto	l943
   557                           
   558                           ;LCD_libreria.c: 415: TRISD &= 0xf0;
   559  000A18  0EF0               	movlw	240
   560  000A1A  1695               	andwf	3989,f,c	;volatile
   561                           
   562                           ;LCD_libreria.c: 416: PORTD &= 0xf0;
   563  000A1C  0EF0               	movlw	240
   564  000A1E  1683               	andwf	3971,f,c	;volatile
   565                           
   566                           ;LCD_libreria.c: 417: PORTD |= ((data>>4)&0x0f);
   567  000A20  381A               	swapf	WriteDataXLCD@data,w,c
   568  000A22  0B0F               	andlw	15
   569  000A24  0B0F               	andlw	15
   570  000A26  1283               	iorwf	3971,f,c	;volatile
   571                           
   572                           ;LCD_libreria.c: 419: LATDbits.LATD5 = 1;
   573  000A28  8A8C               	bsf	3980,5,c	;volatile
   574                           
   575                           ;LCD_libreria.c: 420: LATDbits.LATD6 = 0;
   576  000A2A  9C8C               	bcf	3980,6,c	;volatile
   577                           
   578                           ;LCD_libreria.c: 421: DelayFor18TCY();
   579  000A2C  ECD8  F005         	call	_DelayFor18TCY	;wreg free
   580                           
   581                           ;LCD_libreria.c: 422: LATDbits.LATD4 = 1;
   582  000A30  888C               	bsf	3980,4,c	;volatile
   583                           
   584                           ;LCD_libreria.c: 423: DelayFor18TCY();
   585  000A32  ECD8  F005         	call	_DelayFor18TCY	;wreg free
   586                           
   587                           ;LCD_libreria.c: 424: LATDbits.LATD4 = 0;
   588  000A36  988C               	bcf	3980,4,c	;volatile
   589                           
   590                           ;LCD_libreria.c: 429: PORTD &= 0xf0;
   591  000A38  0EF0               	movlw	240
   592  000A3A  1683               	andwf	3971,f,c	;volatile
   593                           
   594                           ;LCD_libreria.c: 430: PORTD |= (data&0x0f);
   595  000A3C  501A               	movf	WriteDataXLCD@data,w,c
   596  000A3E  0B0F               	andlw	15
   597  000A40  1283               	iorwf	3971,f,c	;volatile
   598                           
   599                           ;LCD_libreria.c: 432: DelayFor18TCY();
   600  000A42  ECD8  F005         	call	_DelayFor18TCY	;wreg free
   601                           
   602                           ;LCD_libreria.c: 433: LATDbits.LATD4 = 1;
   603  000A46  888C               	bsf	3980,4,c	;volatile
   604                           
   605                           ;LCD_libreria.c: 434: DelayFor18TCY();
   606  000A48  ECD8  F005         	call	_DelayFor18TCY	;wreg free
   607                           
   608                           ;LCD_libreria.c: 435: LATDbits.LATD4 = 0;
   609  000A4C  988C               	bcf	3980,4,c	;volatile
   610                           
   611                           ;LCD_libreria.c: 439: TRISD |= 0x0f;
   612  000A4E  0E0F               	movlw	15
   613  000A50  1295               	iorwf	3989,f,c	;volatile
   614  000A52  0012               	return	
   615  000A54                     __end_of_WriteDataXLCD:
   616                           	opt stack 0
   617                           tblptru	equ	0xFF8
   618                           tblptrh	equ	0xFF7
   619                           tblptrl	equ	0xFF6
   620                           tablat	equ	0xFF5
   621                           postinc0	equ	0xFEE
   622                           wreg	equ	0xFE8
   623                           status	equ	0xFD8
   624                           
   625 ;; *************** function _LCD_gotoXY *****************
   626 ;; Defined at:
   627 ;;		line 55 in file "LCD_libreria.c"
   628 ;; Parameters:    Size  Location     Type
   629 ;;  x               2    1[COMRAM] int 
   630 ;;  y               2    3[COMRAM] int 
   631 ;; Auto vars:     Size  Location     Type
   632 ;;		None
   633 ;; Return value:  Size  Location     Type
   634 ;;                  1    wreg      void 
   635 ;; Registers used:
   636 ;;		wreg, status,2, status,0, cstack
   637 ;; Tracked objects:
   638 ;;		On entry : 0/0
   639 ;;		On exit  : 0/0
   640 ;;		Unchanged: 0/0
   641 ;; Data sizes:     COMRAM   BANK0   BANK1   BANK2   BANK3   BANK4   BANK5   BANK6   BANK7
   642 ;;      Params:         4       0       0       0       0       0       0       0       0
   643 ;;      Locals:         0       0       0       0       0       0       0       0       0
   644 ;;      Temps:          0       0       0       0       0       0       0       0       0
   645 ;;      Totals:         4       0       0       0       0       0       0       0       0
   646 ;;Total ram usage:        4 bytes
   647 ;; Hardware stack levels used:    1
   648 ;; Hardware stack levels required when called:    2
   649 ;; This function calls:
   650 ;;		_WriteCmdXLCD
   651 ;; This function is called by:
   652 ;;		_main
   653 ;; This function uses a non-reentrant model
   654 ;;
   655                           
   656                           	psect	text3
   657  000B56                     __ptext3:
   658                           	opt stack 0
   659  000B56                     _LCD_gotoXY:
   660                           	opt stack 28
   661                           
   662                           ;LCD_libreria.c: 57: if ( x>0 ){WriteCmdXLCD(0b11000000+y);}
   663                           
   664                           ;incstack = 0
   665  000B56  BE1C               	btfsc	LCD_gotoXY@x+1,7,c
   666  000B58  D00A               	goto	l79
   667  000B5A  501C               	movf	LCD_gotoXY@x+1,w,c
   668  000B5C  E103               	bnz	u250
   669  000B5E  041B               	decf	LCD_gotoXY@x,w,c
   670  000B60  A0D8               	btfss	status,0,c
   671  000B62  D005               	goto	l79
   672  000B64                     u250:
   673  000B64  501D               	movf	LCD_gotoXY@y,w,c
   674  000B66  0FC0               	addlw	192
   675  000B68  EC2A  F005         	call	_WriteCmdXLCD
   676  000B6C  0012               	return	
   677  000B6E                     l79:
   678                           
   679                           ;LCD_libreria.c: 58: else {WriteCmdXLCD(0b10000000+y);}
   680  000B6E  501D               	movf	LCD_gotoXY@y,w,c
   681  000B70  0F80               	addlw	128
   682  000B72  EC2A  F005         	call	_WriteCmdXLCD
   683  000B76  0012               	return	
   684  000B78                     __end_of_LCD_gotoXY:
   685                           	opt stack 0
   686                           tblptru	equ	0xFF8
   687                           tblptrh	equ	0xFF7
   688                           tblptrl	equ	0xFF6
   689                           tablat	equ	0xFF5
   690                           postinc0	equ	0xFEE
   691                           wreg	equ	0xFE8
   692                           status	equ	0xFD8
   693                           
   694 ;; *************** function _LCD_Init *****************
   695 ;; Defined at:
   696 ;;		line 46 in file "Programa_principal.c"
   697 ;; Parameters:    Size  Location     Type
   698 ;;		None
   699 ;; Auto vars:     Size  Location     Type
   700 ;;		None
   701 ;; Return value:  Size  Location     Type
   702 ;;                  1    wreg      void 
   703 ;; Registers used:
   704 ;;		wreg, status,2, status,0, cstack
   705 ;; Tracked objects:
   706 ;;		On entry : 0/0
   707 ;;		On exit  : 0/0
   708 ;;		Unchanged: 0/0
   709 ;; Data sizes:     COMRAM   BANK0   BANK1   BANK2   BANK3   BANK4   BANK5   BANK6   BANK7
   710 ;;      Params:         0       0       0       0       0       0       0       0       0
   711 ;;      Locals:         0       0       0       0       0       0       0       0       0
   712 ;;      Temps:          0       0       0       0       0       0       0       0       0
   713 ;;      Totals:         0       0       0       0       0       0       0       0       0
   714 ;;Total ram usage:        0 bytes
   715 ;; Hardware stack levels used:    1
   716 ;; Hardware stack levels required when called:    3
   717 ;; This function calls:
   718 ;;		_BusyXLCD
   719 ;;		_OpenXLCD
   720 ;;		_WriteCmdXLCD
   721 ;; This function is called by:
   722 ;;		_main
   723 ;; This function uses a non-reentrant model
   724 ;;
   725                           
   726                           	psect	text4
   727  000B78                     __ptext4:
   728                           	opt stack 0
   729  000B78                     _LCD_Init:
   730                           	opt stack 27
   731                           
   732                           ;Programa_principal.c: 47: OpenXLCD(0b00101100 & 0b00111000 );
   733                           
   734                           ;incstack = 0
   735  000B78  0E28               	movlw	40
   736  000B7A  EC8B  F004         	call	_OpenXLCD
   737  000B7E  EC49  F005         	call	_BusyXLCD	;wreg free
   738  000B82  0900               	iorlw	0
   739  000B84  A4D8               	btfss	status,2,c
   740  000B86  D7FB               	goto	l32
   741                           
   742                           ;Programa_principal.c: 49: WriteCmdXLCD(0x06);
   743  000B88  0E06               	movlw	6
   744  000B8A  EC2A  F005         	call	_WriteCmdXLCD
   745                           
   746                           ;Programa_principal.c: 50: WriteCmdXLCD(0x0C);
   747  000B8E  0E0C               	movlw	12
   748  000B90  EC2A  F005         	call	_WriteCmdXLCD
   749  000B94  0012               	return		;funcret
   750  000B96                     __end_of_LCD_Init:
   751                           	opt stack 0
   752                           tblptru	equ	0xFF8
   753                           tblptrh	equ	0xFF7
   754                           tblptrl	equ	0xFF6
   755                           tablat	equ	0xFF5
   756                           postinc0	equ	0xFEE
   757                           wreg	equ	0xFE8
   758                           status	equ	0xFD8
   759                           
   760 ;; *************** function _OpenXLCD *****************
   761 ;; Defined at:
   762 ;;		line 74 in file "LCD_libreria.c"
   763 ;; Parameters:    Size  Location     Type
   764 ;;  lcdtype         1    wreg     unsigned char 
   765 ;; Auto vars:     Size  Location     Type
   766 ;;  lcdtype         1    4[COMRAM] unsigned char 
   767 ;; Return value:  Size  Location     Type
   768 ;;                  1    wreg      void 
   769 ;; Registers used:
   770 ;;		wreg, status,2, status,0, cstack
   771 ;; Tracked objects:
   772 ;;		On entry : 0/0
   773 ;;		On exit  : 0/0
   774 ;;		Unchanged: 0/0
   775 ;; Data sizes:     COMRAM   BANK0   BANK1   BANK2   BANK3   BANK4   BANK5   BANK6   BANK7
   776 ;;      Params:         0       0       0       0       0       0       0       0       0
   777 ;;      Locals:         1       0       0       0       0       0       0       0       0
   778 ;;      Temps:          0       0       0       0       0       0       0       0       0
   779 ;;      Totals:         1       0       0       0       0       0       0       0       0
   780 ;;Total ram usage:        1 bytes
   781 ;; Hardware stack levels used:    1
   782 ;; Hardware stack levels required when called:    2
   783 ;; This function calls:
   784 ;;		_BusyXLCD
   785 ;;		_DelayPORXLCD
   786 ;;		_SetDDRamAddr
   787 ;;		_WriteCmdXLCD
   788 ;; This function is called by:
   789 ;;		_LCD_Init
   790 ;; This function uses a non-reentrant model
   791 ;;
   792                           
   793                           	psect	text5
   794  000916                     __ptext5:
   795                           	opt stack 0
   796  000916                     _OpenXLCD:
   797                           	opt stack 27
   798                           
   799                           ;incstack = 0
   800                           ;OpenXLCD@lcdtype stored from wreg
   801  000916  6E1E               	movwf	OpenXLCD@lcdtype,c
   802                           
   803                           ;LCD_libreria.c: 86: PORTD &= 0xf0;
   804  000918  0EF0               	movlw	240
   805  00091A  1683               	andwf	3971,f,c	;volatile
   806                           
   807                           ;LCD_libreria.c: 87: TRISD &= 0xF0;
   808  00091C  0EF0               	movlw	240
   809  00091E  1695               	andwf	3989,f,c	;volatile
   810                           
   811                           ;LCD_libreria.c: 90: TRISDbits.TRISD6 = 0;
   812  000920  9C95               	bcf	3989,6,c	;volatile
   813                           
   814                           ;LCD_libreria.c: 91: TRISDbits.TRISD5 = 0;
   815  000922  9A95               	bcf	3989,5,c	;volatile
   816                           
   817                           ;LCD_libreria.c: 92: TRISDbits.TRISD4 = 0;
   818  000924  9895               	bcf	3989,4,c	;volatile
   819                           
   820                           ;LCD_libreria.c: 93: LATDbits.LATD6 = 0;
   821  000926  9C8C               	bcf	3980,6,c	;volatile
   822                           
   823                           ;LCD_libreria.c: 94: LATDbits.LATD5 = 0;
   824  000928  9A8C               	bcf	3980,5,c	;volatile
   825                           
   826                           ;LCD_libreria.c: 95: LATDbits.LATD4 = 0;
   827  00092A  988C               	bcf	3980,4,c	;volatile
   828                           
   829                           ;LCD_libreria.c: 98: DelayPORXLCD();
   830  00092C  ECE5  F005         	call	_DelayPORXLCD	;wreg free
   831                           
   832                           ;LCD_libreria.c: 100: WriteCmdXLCD(0x30);
   833  000930  0E30               	movlw	48
   834  000932  EC2A  F005         	call	_WriteCmdXLCD
   835                           
   836                           ;LCD_libreria.c: 101: _delay((unsigned long)((1)*(20000000L/4000000.0)));
   837  000936  D000               	nop2		;2 cycle nop
   838  000938  D000               	nop2		;2 cycle nop
   839  00093A  F000               	nop	
   840                           
   841                           ;LCD_libreria.c: 103: WriteCmdXLCD(0x30);
   842  00093C  0E30               	movlw	48
   843  00093E  EC2A  F005         	call	_WriteCmdXLCD
   844                           
   845                           ;LCD_libreria.c: 104: _delay((unsigned long)((1)*(20000000L/4000000.0)));
   846  000942  D000               	nop2		;2 cycle nop
   847  000944  D000               	nop2		;2 cycle nop
   848  000946  F000               	nop	
   849                           
   850                           ;LCD_libreria.c: 107: WriteCmdXLCD(0x32);
   851  000948  0E32               	movlw	50
   852  00094A  EC2A  F005         	call	_WriteCmdXLCD
   853  00094E  EC49  F005         	call	_BusyXLCD	;wreg free
   854  000952  0900               	iorlw	0
   855  000954  A4D8               	btfss	status,2,c
   856  000956  D7FB               	goto	l90
   857  000958                     u30:
   858                           
   859                           ;LCD_libreria.c: 113: while(BusyXLCD());
   860  000958  EC49  F005         	call	_BusyXLCD	;wreg free
   861  00095C  0900               	iorlw	0
   862  00095E  A4D8               	btfss	status,2,c
   863  000960  D7FB               	goto	u30
   864                           
   865                           ;LCD_libreria.c: 114: WriteCmdXLCD(lcdtype);
   866  000962  501E               	movf	OpenXLCD@lcdtype,w,c
   867  000964  EC2A  F005         	call	_WriteCmdXLCD
   868  000968  EC49  F005         	call	_BusyXLCD	;wreg free
   869  00096C  0900               	iorlw	0
   870  00096E  A4D8               	btfss	status,2,c
   871  000970  D7FB               	goto	l96
   872                           
   873                           ;LCD_libreria.c: 118: WriteCmdXLCD(0b00001011&0b00001101&0b00001110);
   874  000972  0E08               	movlw	8
   875  000974  EC2A  F005         	call	_WriteCmdXLCD
   876  000978  EC49  F005         	call	_BusyXLCD	;wreg free
   877  00097C  0900               	iorlw	0
   878  00097E  A4D8               	btfss	status,2,c
   879  000980  D7FB               	goto	l99
   880                           
   881                           ;LCD_libreria.c: 120: WriteCmdXLCD(0b00001111&0b00001111&0b00001111);
   882  000982  0E0F               	movlw	15
   883  000984  EC2A  F005         	call	_WriteCmdXLCD
   884  000988  EC49  F005         	call	_BusyXLCD	;wreg free
   885  00098C  0900               	iorlw	0
   886  00098E  A4D8               	btfss	status,2,c
   887  000990  D7FB               	goto	l102
   888                           
   889                           ;LCD_libreria.c: 124: WriteCmdXLCD(0x01);
   890  000992  0E01               	movlw	1
   891  000994  EC2A  F005         	call	_WriteCmdXLCD
   892  000998  EC49  F005         	call	_BusyXLCD	;wreg free
   893  00099C  0900               	iorlw	0
   894  00099E  A4D8               	btfss	status,2,c
   895  0009A0  D7FB               	goto	l105
   896                           
   897                           ;LCD_libreria.c: 128: WriteCmdXLCD(0b00000100);
   898  0009A2  0E04               	movlw	4
   899  0009A4  EC2A  F005         	call	_WriteCmdXLCD
   900  0009A8  EC49  F005         	call	_BusyXLCD	;wreg free
   901  0009AC  0900               	iorlw	0
   902  0009AE  A4D8               	btfss	status,2,c
   903  0009B0  D7FB               	goto	l108
   904                           
   905                           ;LCD_libreria.c: 132: SetDDRamAddr(0x80);
   906  0009B2  0E80               	movlw	128
   907  0009B4  ECDD  F004         	call	_SetDDRamAddr
   908  0009B8  0012               	return	
   909  0009BA                     __end_of_OpenXLCD:
   910                           	opt stack 0
   911                           tblptru	equ	0xFF8
   912                           tblptrh	equ	0xFF7
   913                           tblptrl	equ	0xFF6
   914                           tablat	equ	0xFF5
   915                           postinc0	equ	0xFEE
   916                           wreg	equ	0xFE8
   917                           status	equ	0xFD8
   918                           
   919 ;; *************** function _WriteCmdXLCD *****************
   920 ;; Defined at:
   921 ;;		line 162 in file "LCD_libreria.c"
   922 ;; Parameters:    Size  Location     Type
   923 ;;  cmd             1    wreg     unsigned char 
   924 ;; Auto vars:     Size  Location     Type
   925 ;;  cmd             1    0[COMRAM] unsigned char 
   926 ;; Return value:  Size  Location     Type
   927 ;;                  1    wreg      void 
   928 ;; Registers used:
   929 ;;		wreg, status,2, status,0, cstack
   930 ;; Tracked objects:
   931 ;;		On entry : 0/0
   932 ;;		On exit  : 0/0
   933 ;;		Unchanged: 0/0
   934 ;; Data sizes:     COMRAM   BANK0   BANK1   BANK2   BANK3   BANK4   BANK5   BANK6   BANK7
   935 ;;      Params:         0       0       0       0       0       0       0       0       0
   936 ;;      Locals:         1       0       0       0       0       0       0       0       0
   937 ;;      Temps:          0       0       0       0       0       0       0       0       0
   938 ;;      Totals:         1       0       0       0       0       0       0       0       0
   939 ;;Total ram usage:        1 bytes
   940 ;; Hardware stack levels used:    1
   941 ;; Hardware stack levels required when called:    1
   942 ;; This function calls:
   943 ;;		_DelayFor18TCY
   944 ;; This function is called by:
   945 ;;		_LCD_Init
   946 ;;		_main
   947 ;;		_LCD_gotoXY
   948 ;;		_OpenXLCD
   949 ;; This function uses a non-reentrant model
   950 ;;
   951                           
   952                           	psect	text6
   953  000A54                     __ptext6:
   954                           	opt stack 0
   955  000A54                     _WriteCmdXLCD:
   956                           	opt stack 29
   957                           
   958                           ;incstack = 0
   959                           ;WriteCmdXLCD@cmd stored from wreg
   960  000A54  6E1A               	movwf	WriteCmdXLCD@cmd,c
   961                           
   962                           ;LCD_libreria.c: 181: TRISD &= 0xf0;
   963  000A56  0EF0               	movlw	240
   964  000A58  1695               	andwf	3989,f,c	;volatile
   965                           
   966                           ;LCD_libreria.c: 182: PORTD &= 0xf0;
   967  000A5A  0EF0               	movlw	240
   968  000A5C  1683               	andwf	3971,f,c	;volatile
   969                           
   970                           ;LCD_libreria.c: 183: PORTD |= (cmd>>4)&0x0f;
   971  000A5E  381A               	swapf	WriteCmdXLCD@cmd,w,c
   972  000A60  0B0F               	andlw	15
   973  000A62  0B0F               	andlw	15
   974  000A64  1283               	iorwf	3971,f,c	;volatile
   975                           
   976                           ;LCD_libreria.c: 185: LATDbits.LATD6 = 0;
   977  000A66  9C8C               	bcf	3980,6,c	;volatile
   978                           
   979                           ;LCD_libreria.c: 186: LATDbits.LATD5 = 0;
   980  000A68  9A8C               	bcf	3980,5,c	;volatile
   981                           
   982                           ;LCD_libreria.c: 187: DelayFor18TCY();
   983  000A6A  ECD8  F005         	call	_DelayFor18TCY	;wreg free
   984                           
   985                           ;LCD_libreria.c: 188: LATDbits.LATD4 = 1;
   986  000A6E  888C               	bsf	3980,4,c	;volatile
   987                           
   988                           ;LCD_libreria.c: 189: DelayFor18TCY();
   989  000A70  ECD8  F005         	call	_DelayFor18TCY	;wreg free
   990                           
   991                           ;LCD_libreria.c: 190: LATDbits.LATD4 = 0;
   992  000A74  988C               	bcf	3980,4,c	;volatile
   993                           
   994                           ;LCD_libreria.c: 195: PORTD &= 0xf0;
   995  000A76  0EF0               	movlw	240
   996  000A78  1683               	andwf	3971,f,c	;volatile
   997                           
   998                           ;LCD_libreria.c: 196: PORTD |= cmd&0x0f;
   999  000A7A  501A               	movf	WriteCmdXLCD@cmd,w,c
  1000  000A7C  0B0F               	andlw	15
  1001  000A7E  1283               	iorwf	3971,f,c	;volatile
  1002                           
  1003                           ;LCD_libreria.c: 198: DelayFor18TCY();
  1004  000A80  ECD8  F005         	call	_DelayFor18TCY	;wreg free
  1005                           
  1006                           ;LCD_libreria.c: 199: LATDbits.LATD4 = 1;
  1007  000A84  888C               	bsf	3980,4,c	;volatile
  1008                           
  1009                           ;LCD_libreria.c: 200: DelayFor18TCY();
  1010  000A86  ECD8  F005         	call	_DelayFor18TCY	;wreg free
  1011                           
  1012                           ;LCD_libreria.c: 201: LATDbits.LATD4 = 0;
  1013  000A8A  988C               	bcf	3980,4,c	;volatile
  1014                           
  1015                           ;LCD_libreria.c: 205: TRISD |= 0x0f;
  1016  000A8C  0E0F               	movlw	15
  1017  000A8E  1295               	iorwf	3989,f,c	;volatile
  1018  000A90  0012               	return	
  1019  000A92                     __end_of_WriteCmdXLCD:
  1020                           	opt stack 0
  1021                           tblptru	equ	0xFF8
  1022                           tblptrh	equ	0xFF7
  1023                           tblptrl	equ	0xFF6
  1024                           tablat	equ	0xFF5
  1025                           postinc0	equ	0xFEE
  1026                           wreg	equ	0xFE8
  1027                           status	equ	0xFD8
  1028                           
  1029 ;; *************** function _SetDDRamAddr *****************
  1030 ;; Defined at:
  1031 ;;		line 303 in file "LCD_libreria.c"
  1032 ;; Parameters:    Size  Location     Type
  1033 ;;  DDaddr          1    wreg     unsigned char 
  1034 ;; Auto vars:     Size  Location     Type
  1035 ;;  DDaddr          1    3[COMRAM] unsigned char 
  1036 ;; Return value:  Size  Location     Type
  1037 ;;                  1    wreg      void 
  1038 ;; Registers used:
  1039 ;;		wreg, status,2, status,0, cstack
  1040 ;; Tracked objects:
  1041 ;;		On entry : 0/0
  1042 ;;		On exit  : 0/0
  1043 ;;		Unchanged: 0/0
  1044 ;; Data sizes:     COMRAM   BANK0   BANK1   BANK2   BANK3   BANK4   BANK5   BANK6   BANK7
  1045 ;;      Params:         0       0       0       0       0       0       0       0       0
  1046 ;;      Locals:         1       0       0       0       0       0       0       0       0
  1047 ;;      Temps:          3       0       0       0       0       0       0       0       0
  1048 ;;      Totals:         4       0       0       0       0       0       0       0       0
  1049 ;;Total ram usage:        4 bytes
  1050 ;; Hardware stack levels used:    1
  1051 ;; Hardware stack levels required when called:    1
  1052 ;; This function calls:
  1053 ;;		_DelayFor18TCY
  1054 ;; This function is called by:
  1055 ;;		_OpenXLCD
  1056 ;; This function uses a non-reentrant model
  1057 ;;
  1058                           
  1059                           	psect	text7
  1060  0009BA                     __ptext7:
  1061                           	opt stack 0
  1062  0009BA                     _SetDDRamAddr:
  1063                           	opt stack 27
  1064                           
  1065                           ;incstack = 0
  1066                           ;SetDDRamAddr@DDaddr stored from wreg
  1067  0009BA  6E1D               	movwf	SetDDRamAddr@DDaddr,c
  1068                           
  1069                           ;LCD_libreria.c: 322: TRISD &= 0xf0;
  1070  0009BC  0EF0               	movlw	240
  1071  0009BE  1695               	andwf	3989,f,c	;volatile
  1072                           
  1073                           ;LCD_libreria.c: 323: PORTD &= 0xf0;
  1074  0009C0  0EF0               	movlw	240
  1075  0009C2  1683               	andwf	3971,f,c	;volatile
  1076                           
  1077                           ;LCD_libreria.c: 324: PORTD |= (((DDaddr | 0b10000000)>>4) & 0x0f);
  1078  0009C4  501D               	movf	SetDDRamAddr@DDaddr,w,c
  1079  0009C6  6E1A               	movwf	??_SetDDRamAddr& (0+255),c
  1080  0009C8  6A1B               	clrf	(??_SetDDRamAddr+1)& (0+255),c
  1081  0009CA  8E1A               	bsf	??_SetDDRamAddr,7,c
  1082  0009CC  0E04               	movlw	4
  1083  0009CE  6E1C               	movwf	(??_SetDDRamAddr+2)& (0+255),c
  1084  0009D0                     u25:
  1085  0009D0  341B               	rlcf	??_SetDDRamAddr+1,w,c
  1086  0009D2  321B               	rrcf	??_SetDDRamAddr+1,f,c
  1087  0009D4  321A               	rrcf	??_SetDDRamAddr,f,c
  1088  0009D6  2E1C               	decfsz	(??_SetDDRamAddr+2)& (0+255),f,c
  1089  0009D8  D7FB               	goto	u25
  1090  0009DA  501A               	movf	??_SetDDRamAddr,w,c
  1091  0009DC  0B0F               	andlw	15
  1092  0009DE  1283               	iorwf	3971,f,c	;volatile
  1093                           
  1094                           ;LCD_libreria.c: 326: LATDbits.LATD6 = 0;
  1095  0009E0  9C8C               	bcf	3980,6,c	;volatile
  1096                           
  1097                           ;LCD_libreria.c: 327: LATDbits.LATD5 = 0;
  1098  0009E2  9A8C               	bcf	3980,5,c	;volatile
  1099                           
  1100                           ;LCD_libreria.c: 328: DelayFor18TCY();
  1101  0009E4  ECD8  F005         	call	_DelayFor18TCY	;wreg free
  1102                           
  1103                           ;LCD_libreria.c: 329: LATDbits.LATD4 = 1;
  1104  0009E8  888C               	bsf	3980,4,c	;volatile
  1105                           
  1106                           ;LCD_libreria.c: 330: DelayFor18TCY();
  1107  0009EA  ECD8  F005         	call	_DelayFor18TCY	;wreg free
  1108                           
  1109                           ;LCD_libreria.c: 331: LATDbits.LATD4 = 0;
  1110  0009EE  988C               	bcf	3980,4,c	;volatile
  1111                           
  1112                           ;LCD_libreria.c: 336: PORTD &= 0xf0;
  1113  0009F0  0EF0               	movlw	240
  1114  0009F2  1683               	andwf	3971,f,c	;volatile
  1115                           
  1116                           ;LCD_libreria.c: 337: PORTD |= (DDaddr&0x0f);
  1117  0009F4  501D               	movf	SetDDRamAddr@DDaddr,w,c
  1118  0009F6  0B0F               	andlw	15
  1119  0009F8  1283               	iorwf	3971,f,c	;volatile
  1120                           
  1121                           ;LCD_libreria.c: 339: DelayFor18TCY();
  1122  0009FA  ECD8  F005         	call	_DelayFor18TCY	;wreg free
  1123                           
  1124                           ;LCD_libreria.c: 340: LATDbits.LATD4 = 1;
  1125  0009FE  888C               	bsf	3980,4,c	;volatile
  1126                           
  1127                           ;LCD_libreria.c: 341: DelayFor18TCY();
  1128  000A00  ECD8  F005         	call	_DelayFor18TCY	;wreg free
  1129                           
  1130                           ;LCD_libreria.c: 342: LATDbits.LATD4 = 0;
  1131  000A04  988C               	bcf	3980,4,c	;volatile
  1132                           
  1133                           ;LCD_libreria.c: 346: TRISD |= 0x0f;
  1134  000A06  0E0F               	movlw	15
  1135  000A08  1295               	iorwf	3989,f,c	;volatile
  1136  000A0A  0012               	return	
  1137  000A0C                     __end_of_SetDDRamAddr:
  1138                           	opt stack 0
  1139                           tblptru	equ	0xFF8
  1140                           tblptrh	equ	0xFF7
  1141                           tblptrl	equ	0xFF6
  1142                           tablat	equ	0xFF5
  1143                           postinc0	equ	0xFEE
  1144                           wreg	equ	0xFE8
  1145                           status	equ	0xFD8
  1146                           
  1147 ;; *************** function _DelayPORXLCD *****************
  1148 ;; Defined at:
  1149 ;;		line 44 in file "LCD_libreria.c"
  1150 ;; Parameters:    Size  Location     Type
  1151 ;;		None
  1152 ;; Auto vars:     Size  Location     Type
  1153 ;;		None
  1154 ;; Return value:  Size  Location     Type
  1155 ;;                  1    wreg      void 
  1156 ;; Registers used:
  1157 ;;		wreg
  1158 ;; Tracked objects:
  1159 ;;		On entry : 0/0
  1160 ;;		On exit  : 0/0
  1161 ;;		Unchanged: 0/0
  1162 ;; Data sizes:     COMRAM   BANK0   BANK1   BANK2   BANK3   BANK4   BANK5   BANK6   BANK7
  1163 ;;      Params:         0       0       0       0       0       0       0       0       0
  1164 ;;      Locals:         0       0       0       0       0       0       0       0       0
  1165 ;;      Temps:          1       0       0       0       0       0       0       0       0
  1166 ;;      Totals:         1       0       0       0       0       0       0       0       0
  1167 ;;Total ram usage:        1 bytes
  1168 ;; Hardware stack levels used:    1
  1169 ;; This function calls:
  1170 ;;		Nothing
  1171 ;; This function is called by:
  1172 ;;		_OpenXLCD
  1173 ;; This function uses a non-reentrant model
  1174 ;;
  1175                           
  1176                           	psect	text8
  1177  000BCA                     __ptext8:
  1178                           	opt stack 0
  1179  000BCA                     _DelayPORXLCD:
  1180                           	opt stack 28
  1181                           
  1182                           ;LCD_libreria.c: 45: _delay((unsigned long)((15)*(20000000L/4000.0)));
  1183                           
  1184                           ;incstack = 0
  1185  000BCA  0E62               	movlw	98
  1186  000BCC  6E1A               	movwf	??_DelayPORXLCD& (0+255),c
  1187  000BCE  0E66               	movlw	102
  1188  000BD0                     u357:
  1189  000BD0  2EE8               	decfsz	wreg,f,c
  1190  000BD2  D7FE               	bra	u357
  1191  000BD4  2E1A               	decfsz	??_DelayPORXLCD& (0+255),f,c
  1192  000BD6  D7FC               	bra	u357
  1193  000BD8  0012               	return	
  1194  000BDA                     __end_of_DelayPORXLCD:
  1195                           	opt stack 0
  1196                           tblptru	equ	0xFF8
  1197                           tblptrh	equ	0xFF7
  1198                           tblptrl	equ	0xFF6
  1199                           tablat	equ	0xFF5
  1200                           postinc0	equ	0xFEE
  1201                           wreg	equ	0xFE8
  1202                           status	equ	0xFD8
  1203                           
  1204 ;; *************** function _BusyXLCD *****************
  1205 ;; Defined at:
  1206 ;;		line 446 in file "LCD_libreria.c"
  1207 ;; Parameters:    Size  Location     Type
  1208 ;;		None
  1209 ;; Auto vars:     Size  Location     Type
  1210 ;;		None
  1211 ;; Return value:  Size  Location     Type
  1212 ;;                  1    wreg      unsigned char 
  1213 ;; Registers used:
  1214 ;;		wreg, cstack
  1215 ;; Tracked objects:
  1216 ;;		On entry : 0/0
  1217 ;;		On exit  : 0/0
  1218 ;;		Unchanged: 0/0
  1219 ;; Data sizes:     COMRAM   BANK0   BANK1   BANK2   BANK3   BANK4   BANK5   BANK6   BANK7
  1220 ;;      Params:         0       0       0       0       0       0       0       0       0
  1221 ;;      Locals:         0       0       0       0       0       0       0       0       0
  1222 ;;      Temps:          0       0       0       0       0       0       0       0       0
  1223 ;;      Totals:         0       0       0       0       0       0       0       0       0
  1224 ;;Total ram usage:        0 bytes
  1225 ;; Hardware stack levels used:    1
  1226 ;; Hardware stack levels required when called:    1
  1227 ;; This function calls:
  1228 ;;		_DelayFor18TCY
  1229 ;; This function is called by:
  1230 ;;		_LCD_Init
  1231 ;;		_OpenXLCD
  1232 ;;		_putrsXLCD
  1233 ;;		_WriteDataXLCD
  1234 ;;		_putsXLCD
  1235 ;;		_SetCGRamAddr
  1236 ;; This function uses a non-reentrant model
  1237 ;;
  1238                           
  1239                           	psect	text9
  1240  000A92                     __ptext9:
  1241                           	opt stack 0
  1242  000A92                     _BusyXLCD:
  1243                           	opt stack 27
  1244                           
  1245                           ;LCD_libreria.c: 448: LATDbits.LATD6 = 1;
  1246                           
  1247                           ;incstack = 0
  1248  000A92  8C8C               	bsf	3980,6,c	;volatile
  1249                           
  1250                           ;LCD_libreria.c: 449: LATDbits.LATD5 = 0;
  1251  000A94  9A8C               	bcf	3980,5,c	;volatile
  1252                           
  1253                           ;LCD_libreria.c: 450: DelayFor18TCY();
  1254  000A96  ECD8  F005         	call	_DelayFor18TCY	;wreg free
  1255                           
  1256                           ;LCD_libreria.c: 451: LATDbits.LATD4 = 1;
  1257  000A9A  888C               	bsf	3980,4,c	;volatile
  1258                           
  1259                           ;LCD_libreria.c: 452: DelayFor18TCY();
  1260  000A9C  ECD8  F005         	call	_DelayFor18TCY	;wreg free
  1261                           
  1262                           ;LCD_libreria.c: 470: if(PORTD&0x08)
  1263  000AA0  A683               	btfss	3971,3,c	;volatile
  1264  000AA2  D00A               	goto	l155
  1265                           
  1266                           ;LCD_libreria.c: 472: {
  1267                           ;LCD_libreria.c: 473: LATDbits.LATD4 = 0;
  1268  000AA4  988C               	bcf	3980,4,c	;volatile
  1269                           
  1270                           ;LCD_libreria.c: 474: DelayFor18TCY();
  1271  000AA6  ECD8  F005         	call	_DelayFor18TCY	;wreg free
  1272                           
  1273                           ;LCD_libreria.c: 475: LATDbits.LATD4 = 1;
  1274  000AAA  888C               	bsf	3980,4,c	;volatile
  1275                           
  1276                           ;LCD_libreria.c: 476: DelayFor18TCY();
  1277  000AAC  ECD8  F005         	call	_DelayFor18TCY	;wreg free
  1278                           
  1279                           ;LCD_libreria.c: 477: LATDbits.LATD4 = 0;
  1280  000AB0  988C               	bcf	3980,4,c	;volatile
  1281                           
  1282                           ;LCD_libreria.c: 478: LATDbits.LATD6 = 0;
  1283  000AB2  9C8C               	bcf	3980,6,c	;volatile
  1284                           
  1285                           ;LCD_libreria.c: 479: return 1;
  1286  000AB4  0E01               	movlw	1
  1287                           
  1288                           ;LCD_libreria.c: 480: }
  1289  000AB6  0012               	return	
  1290  000AB8                     l155:
  1291                           
  1292                           ;LCD_libreria.c: 481: else
  1293                           ;LCD_libreria.c: 482: {
  1294                           ;LCD_libreria.c: 483: LATDbits.LATD4 = 0;
  1295  000AB8  988C               	bcf	3980,4,c	;volatile
  1296                           
  1297                           ;LCD_libreria.c: 484: DelayFor18TCY();
  1298  000ABA  ECD8  F005         	call	_DelayFor18TCY	;wreg free
  1299                           
  1300                           ;LCD_libreria.c: 485: LATDbits.LATD4 = 1;
  1301  000ABE  888C               	bsf	3980,4,c	;volatile
  1302                           
  1303                           ;LCD_libreria.c: 486: DelayFor18TCY();
  1304  000AC0  ECD8  F005         	call	_DelayFor18TCY	;wreg free
  1305                           
  1306                           ;LCD_libreria.c: 487: LATDbits.LATD4 = 0;
  1307  000AC4  988C               	bcf	3980,4,c	;volatile
  1308                           
  1309                           ;LCD_libreria.c: 488: LATDbits.LATD6 = 0;
  1310  000AC6  9C8C               	bcf	3980,6,c	;volatile
  1311                           
  1312                           ;LCD_libreria.c: 489: return 0;
  1313  000AC8  0E00               	movlw	0
  1314  000ACA  0012               	return	
  1315  000ACC                     __end_of_BusyXLCD:
  1316                           	opt stack 0
  1317                           tblptru	equ	0xFF8
  1318                           tblptrh	equ	0xFF7
  1319                           tblptrl	equ	0xFF6
  1320                           tablat	equ	0xFF5
  1321                           postinc0	equ	0xFEE
  1322                           wreg	equ	0xFE8
  1323                           status	equ	0xFD8
  1324                           
  1325 ;; *************** function _DelayFor18TCY *****************
  1326 ;; Defined at:
  1327 ;;		line 27 in file "LCD_libreria.c"
  1328 ;; Parameters:    Size  Location     Type
  1329 ;;		None
  1330 ;; Auto vars:     Size  Location     Type
  1331 ;;		None
  1332 ;; Return value:  Size  Location     Type
  1333 ;;                  1    wreg      void 
  1334 ;; Registers used:
  1335 ;;		None
  1336 ;; Tracked objects:
  1337 ;;		On entry : 0/0
  1338 ;;		On exit  : 0/0
  1339 ;;		Unchanged: 0/0
  1340 ;; Data sizes:     COMRAM   BANK0   BANK1   BANK2   BANK3   BANK4   BANK5   BANK6   BANK7
  1341 ;;      Params:         0       0       0       0       0       0       0       0       0
  1342 ;;      Locals:         0       0       0       0       0       0       0       0       0
  1343 ;;      Temps:          0       0       0       0       0       0       0       0       0
  1344 ;;      Totals:         0       0       0       0       0       0       0       0       0
  1345 ;;Total ram usage:        0 bytes
  1346 ;; Hardware stack levels used:    1
  1347 ;; This function calls:
  1348 ;;		Nothing
  1349 ;; This function is called by:
  1350 ;;		_WriteCmdXLCD
  1351 ;;		_SetDDRamAddr
  1352 ;;		_WriteDataXLCD
  1353 ;;		_BusyXLCD
  1354 ;;		_ReadAddrXLCD
  1355 ;;		_ReadDataXLCD
  1356 ;; This function uses a non-reentrant model
  1357 ;;
  1358                           
  1359                           	psect	text10
  1360  000BB0                     __ptext10:
  1361                           	opt stack 0
  1362  000BB0                     _DelayFor18TCY:
  1363                           	opt stack 28
  1364                           
  1365                           ;LCD_libreria.c: 28: __nop();
  1366                           
  1367                           ;incstack = 0
  1368  000BB0  F000               	nop	
  1369                           
  1370                           ;LCD_libreria.c: 29: __nop();
  1371  000BB2  F000               	nop	
  1372                           
  1373                           ;LCD_libreria.c: 30: __nop();
  1374  000BB4  F000               	nop	
  1375                           
  1376                           ;LCD_libreria.c: 31: __nop();
  1377  000BB6  F000               	nop	
  1378                           
  1379                           ;LCD_libreria.c: 32: __nop();
  1380  000BB8  F000               	nop	
  1381                           
  1382                           ;LCD_libreria.c: 33: __nop();
  1383  000BBA  F000               	nop	
  1384                           
  1385                           ;LCD_libreria.c: 34: __nop();
  1386  000BBC  F000               	nop	
  1387                           
  1388                           ;LCD_libreria.c: 35: __nop();
  1389  000BBE  F000               	nop	
  1390                           
  1391                           ;LCD_libreria.c: 36: __nop();
  1392  000BC0  F000               	nop	
  1393                           
  1394                           ;LCD_libreria.c: 37: __nop();
  1395  000BC2  F000               	nop	
  1396                           
  1397                           ;LCD_libreria.c: 38: __nop();
  1398  000BC4  F000               	nop	
  1399                           
  1400                           ;LCD_libreria.c: 39: __nop();
  1401  000BC6  F000               	nop	
  1402                           
  1403                           ;LCD_libreria.c: 40: return;
  1404  000BC8  0012               	return		;funcret
  1405  000BCA                     __end_of_DelayFor18TCY:
  1406                           	opt stack 0
  1407                           tblptru	equ	0xFF8
  1408                           tblptrh	equ	0xFF7
  1409                           tblptrl	equ	0xFF6
  1410                           tablat	equ	0xFF5
  1411                           postinc0	equ	0xFEE
  1412                           wreg	equ	0xFE8
  1413                           status	equ	0xFD8
  1414                           
  1415 ;; *************** function _ADC_read *****************
  1416 ;; Defined at:
  1417 ;;		line 12 in file "ADC_libreria.c"
  1418 ;; Parameters:    Size  Location     Type
  1419 ;;  ch              1    wreg     unsigned char 
  1420 ;; Auto vars:     Size  Location     Type
  1421 ;;  ch              1    2[COMRAM] unsigned char 
  1422 ;; Return value:  Size  Location     Type
  1423 ;;                  2    0[COMRAM] unsigned int 
  1424 ;; Registers used:
  1425 ;;		wreg, status,2, status,0
  1426 ;; Tracked objects:
  1427 ;;		On entry : 0/0
  1428 ;;		On exit  : 0/0
  1429 ;;		Unchanged: 0/0
  1430 ;; Data sizes:     COMRAM   BANK0   BANK1   BANK2   BANK3   BANK4   BANK5   BANK6   BANK7
  1431 ;;      Params:         2       0       0       0       0       0       0       0       0
  1432 ;;      Locals:         1       0       0       0       0       0       0       0       0
  1433 ;;      Temps:          0       0       0       0       0       0       0       0       0
  1434 ;;      Totals:         3       0       0       0       0       0       0       0       0
  1435 ;;Total ram usage:        3 bytes
  1436 ;; Hardware stack levels used:    1
  1437 ;; This function calls:
  1438 ;;		Nothing
  1439 ;; This function is called by:
  1440 ;;		_main
  1441 ;; This function uses a non-reentrant model
  1442 ;;
  1443                           
  1444                           	psect	text11
  1445  000B00                     __ptext11:
  1446                           	opt stack 0
  1447  000B00                     _ADC_read:
  1448                           	opt stack 30
  1449                           
  1450                           ;incstack = 0
  1451                           ;ADC_read@ch stored from wreg
  1452  000B00  6E1C               	movwf	ADC_read@ch,c
  1453                           
  1454                           ;ADC_libreria.c: 13: if(ch > 13)return 0;
  1455  000B02  0E0D               	movlw	13
  1456  000B04  641C               	cpfsgt	ADC_read@ch,c
  1457  000B06  D005               	goto	l173
  1458  000B08  0E00               	movlw	0
  1459  000B0A  6E1B               	movwf	?_ADC_read+1,c
  1460  000B0C  0E00               	movlw	0
  1461  000B0E  6E1A               	movwf	?_ADC_read,c
  1462  000B10  0012               	return	
  1463  000B12                     l173:
  1464                           
  1465                           ;ADC_libreria.c: 14: ADCON0 = 0;
  1466  000B12  0E00               	movlw	0
  1467  000B14  6EC2               	movwf	4034,c	;volatile
  1468                           
  1469                           ;ADC_libreria.c: 15: ADCON0 = (ch<<2);
  1470  000B16  441C               	rlncf	ADC_read@ch,w,c
  1471  000B18  46E8               	rlncf	wreg,f,c
  1472  000B1A  0BFC               	andlw	252
  1473  000B1C  6EC2               	movwf	4034,c	;volatile
  1474                           
  1475                           ;ADC_libreria.c: 16: ADCON0bits.ADON = 1;
  1476  000B1E  80C2               	bsf	4034,0,c	;volatile
  1477                           
  1478                           ;ADC_libreria.c: 17: ADCON0bits.GO_DONE = 1;
  1479  000B20  82C2               	bsf	4034,1,c	;volatile
  1480  000B22  B2C2               	btfsc	4034,1,c	;volatile
  1481  000B24  D7FE               	goto	l176
  1482                           
  1483                           ;ADC_libreria.c: 19: ADCON0bits.ADON = 0;
  1484  000B26  90C2               	bcf	4034,0,c	;volatile
  1485                           
  1486                           ;ADC_libreria.c: 20: return ADRES;
  1487  000B28  CFC3 F01A          	movff	4035,?_ADC_read	;volatile
  1488  000B2C  CFC4 F01B          	movff	4036,?_ADC_read+1	;volatile
  1489  000B30  0012               	return		;funcret
  1490  000B32                     __end_of_ADC_read:
  1491                           	opt stack 0
  1492                           tblptru	equ	0xFF8
  1493                           tblptrh	equ	0xFF7
  1494                           tblptrl	equ	0xFF6
  1495                           tablat	equ	0xFF5
  1496                           postinc0	equ	0xFEE
  1497                           wreg	equ	0xFE8
  1498                           status	equ	0xFD8
  1499                           
  1500 ;; *************** function _ADC_init *****************
  1501 ;; Defined at:
  1502 ;;		line 3 in file "ADC_libreria.c"
  1503 ;; Parameters:    Size  Location     Type
  1504 ;;		None
  1505 ;; Auto vars:     Size  Location     Type
  1506 ;;		None
  1507 ;; Return value:  Size  Location     Type
  1508 ;;                  1    wreg      void 
  1509 ;; Registers used:
  1510 ;;		wreg, status,2
  1511 ;; Tracked objects:
  1512 ;;		On entry : 0/0
  1513 ;;		On exit  : 0/0
  1514 ;;		Unchanged: 0/0
  1515 ;; Data sizes:     COMRAM   BANK0   BANK1   BANK2   BANK3   BANK4   BANK5   BANK6   BANK7
  1516 ;;      Params:         0       0       0       0       0       0       0       0       0
  1517 ;;      Locals:         0       0       0       0       0       0       0       0       0
  1518 ;;      Temps:          0       0       0       0       0       0       0       0       0
  1519 ;;      Totals:         0       0       0       0       0       0       0       0       0
  1520 ;;Total ram usage:        0 bytes
  1521 ;; Hardware stack levels used:    1
  1522 ;; This function calls:
  1523 ;;		Nothing
  1524 ;; This function is called by:
  1525 ;;		_main
  1526 ;; This function uses a non-reentrant model
  1527 ;;
  1528                           
  1529                           	psect	text12
  1530  000B32                     __ptext12:
  1531                           	opt stack 0
  1532  000B32                     _ADC_init:
  1533                           	opt stack 30
  1534                           
  1535                           ;ADC_libreria.c: 4: ADCON1bits.PCFG = 0;
  1536                           
  1537                           ;incstack = 0
  1538  000B32  90C1               	bcf	4033,0,c	;volatile
  1539  000B34  92C1               	bcf	4033,1,c	;volatile
  1540  000B36  94C1               	bcf	4033,2,c	;volatile
  1541  000B38  96C1               	bcf	4033,3,c	;volatile
  1542                           
  1543                           ;ADC_libreria.c: 5: ADCON1bits.VCFG = 0;
  1544  000B3A  0ECF               	movlw	-49
  1545  000B3C  16C1               	andwf	4033,f,c	;volatile
  1546                           
  1547                           ;ADC_libreria.c: 6: ADCON0 = 0;
  1548  000B3E  0E00               	movlw	0
  1549  000B40  6EC2               	movwf	4034,c	;volatile
  1550                           
  1551                           ;ADC_libreria.c: 7: ADCON2bits.ACQT = 3;
  1552  000B42  50C0               	movf	4032,w,c	;volatile
  1553  000B44  0BC7               	andlw	-57
  1554  000B46  0918               	iorlw	24
  1555  000B48  6EC0               	movwf	4032,c	;volatile
  1556                           
  1557                           ;ADC_libreria.c: 8: ADCON2bits.ADCS = 5;
  1558  000B4A  50C0               	movf	4032,w,c	;volatile
  1559  000B4C  0BF8               	andlw	-8
  1560  000B4E  0905               	iorlw	5
  1561  000B50  6EC0               	movwf	4032,c	;volatile
  1562                           
  1563                           ;ADC_libreria.c: 9: ADCON2bits.ADFM = 1;
  1564  000B52  8EC0               	bsf	4032,7,c	;volatile
  1565  000B54  0012               	return		;funcret
  1566  000B56                     __end_of_ADC_init:
  1567                           	opt stack 0
  1568                           tblptru	equ	0xFF8
  1569                           tblptrh	equ	0xFF7
  1570                           tblptrl	equ	0xFF6
  1571                           tablat	equ	0xFF5
  1572                           postinc0	equ	0xFEE
  1573                           wreg	equ	0xFE8
  1574                           status	equ	0xFD8
  1575                           tblptru	equ	0xFF8
  1576                           tblptrh	equ	0xFF7
  1577                           tblptrl	equ	0xFF6
  1578                           tablat	equ	0xFF5
  1579                           postinc0	equ	0xFEE
  1580                           wreg	equ	0xFE8
  1581                           status	equ	0xFD8
  1582                           
  1583                           	psect	rparam
  1584  0000                     tblptru	equ	0xFF8
  1585                           tblptrh	equ	0xFF7
  1586                           tblptrl	equ	0xFF6
  1587                           tablat	equ	0xFF5
  1588                           postinc0	equ	0xFEE
  1589                           wreg	equ	0xFE8
  1590                           status	equ	0xFD8


Data Sizes:
    Strings     45
    Constant    0
    Data        0
    BSS         25
    Persistent  0
    Stack       0

Auto Spaces:
    Space          Size  Autos    Used
    COMRAM           95      7      32
    BANK0           160      0       0
    BANK1           256      0       0
    BANK2           256      0       0
    BANK3           256      0       0
    BANK4           256      0       0
    BANK5           256      0       0
    BANK6           256      0       0
    BANK7           256      0       0

Pointer List with Targets:

    putrsXLCD@buffer	PTR const unsigned char  size(2) Largest target is 17
		 -> STR_3(CODE[12]), STR_2(CODE[16]), STR_1(CODE[17]), 


Critical Paths under _main in COMRAM

    _main->_LCD_gotoXY
    _putrsXLCD->_WriteDataXLCD
    _LCD_gotoXY->_WriteCmdXLCD
    _LCD_Init->_OpenXLCD
    _OpenXLCD->_SetDDRamAddr

Critical Paths under _main in BANK0

    None.

Critical Paths under _main in BANK1

    None.

Critical Paths under _main in BANK2

    None.

Critical Paths under _main in BANK3

    None.

Critical Paths under _main in BANK4

    None.

Critical Paths under _main in BANK5

    None.

Critical Paths under _main in BANK6

    None.

Critical Paths under _main in BANK7

    None.

Call Graph Tables:

 ---------------------------------------------------------------------------------
 (Depth) Function   	        Calls       Base Space   Used Autos Params    Refs
 ---------------------------------------------------------------------------------
 (0) _main                                                 2     2      0    1034
                                              5 COMRAM     2     2      0
                           _ADC_init
                           _ADC_read
                           _LCD_Init
                         _LCD_gotoXY
                       _WriteCmdXLCD
                          _putrsXLCD
 ---------------------------------------------------------------------------------
 (1) _putrsXLCD                                            2     0      2     303
                                              1 COMRAM     2     0      2
                           _BusyXLCD
                      _WriteDataXLCD
 ---------------------------------------------------------------------------------
 (2) _WriteDataXLCD                                        1     1      0      30
                                              0 COMRAM     1     1      0
                           _BusyXLCD
                      _DelayFor18TCY
 ---------------------------------------------------------------------------------
 (1) _LCD_gotoXY                                           4     0      4     552
                                              1 COMRAM     4     0      4
                       _WriteCmdXLCD
 ---------------------------------------------------------------------------------
 (1) _LCD_Init                                             0     0      0     105
                           _BusyXLCD
                           _OpenXLCD
                       _WriteCmdXLCD
 ---------------------------------------------------------------------------------
 (2) _OpenXLCD                                             1     1      0      75
                                              4 COMRAM     1     1      0
                           _BusyXLCD
                       _DelayPORXLCD
                       _SetDDRamAddr
                       _WriteCmdXLCD
 ---------------------------------------------------------------------------------
 (1) _WriteCmdXLCD                                         1     1      0      30
                                              0 COMRAM     1     1      0
                      _DelayFor18TCY
 ---------------------------------------------------------------------------------
 (3) _SetDDRamAddr                                         4     4      0      30
                                              0 COMRAM     4     4      0
                      _DelayFor18TCY
 ---------------------------------------------------------------------------------
 (3) _DelayPORXLCD                                         1     1      0       0
                                              0 COMRAM     1     1      0
 ---------------------------------------------------------------------------------
 (3) _BusyXLCD                                             0     0      0       0
                      _DelayFor18TCY
 ---------------------------------------------------------------------------------
 (3) _DelayFor18TCY                                        0     0      0       0
 ---------------------------------------------------------------------------------
 (1) _ADC_read                                             3     1      2      44
                                              0 COMRAM     3     1      2
 ---------------------------------------------------------------------------------
 (1) _ADC_init                                             0     0      0       0
 ---------------------------------------------------------------------------------
 Estimated maximum stack depth 3
 ---------------------------------------------------------------------------------

 Call Graph Graphs:

 _main (ROOT)
   _ADC_init
   _ADC_read
   _LCD_Init
     _BusyXLCD
       _DelayFor18TCY
     _OpenXLCD
       _BusyXLCD
         _DelayFor18TCY
       _DelayPORXLCD
       _SetDDRamAddr
         _DelayFor18TCY
       _WriteCmdXLCD
         _DelayFor18TCY
     _WriteCmdXLCD
       _DelayFor18TCY
   _LCD_gotoXY
     _WriteCmdXLCD
       _DelayFor18TCY
   _WriteCmdXLCD
     _DelayFor18TCY
   _putrsXLCD
     _BusyXLCD
       _DelayFor18TCY
     _WriteDataXLCD
       _BusyXLCD
         _DelayFor18TCY
       _DelayFor18TCY

 Address spaces:
Name               Size   Autos  Total    Cost      Usage
BIGRAM             7FF      0       0      21        0.0%
EEDATA             100      0       0       0        0.0%
BITBANK7           100      0       0      18        0.0%
BANK7              100      0       0      19        0.0%
BITBANK6           100      0       0      16        0.0%
BANK6              100      0       0      17        0.0%
BITBANK5           100      0       0      14        0.0%
BANK5              100      0       0      15        0.0%
BITBANK4           100      0       0      12        0.0%
BANK4              100      0       0      13        0.0%
BITBANK3           100      0       0      10        0.0%
BANK3              100      0       0      11        0.0%
BITBANK2           100      0       0       8        0.0%
BANK2              100      0       0       9        0.0%
BITBANK1           100      0       0       6        0.0%
BANK1              100      0       0       7        0.0%
BITBANK0            A0      0       0       4        0.0%
BANK0               A0      0       0       5        0.0%
BITCOMRAM           5F      0       0       0        0.0%
COMRAM              5F      7      20       1       33.7%
BITSFR               0      0       0     200        0.0%
SFR                  0      0       0     200        0.0%
STACK                0      0       0       2        0.0%
NULL                 0      0       0       0        0.0%
ABS                  0      0      20      20        0.0%
DATA                 0      0      20       3        0.0%
CODE                 0      0       0       0        0.0%


Microchip Technology PIC18 Macro Assembler V1.45 build -152302408 
Symbol Table                                                                                   Sun Jul 15 21:01:20 2018

                     l32 0B7E                       l40 0906                       l39 08B2  
                     l90 094E                       l79 0B6E                       l96 0968  
                     l99 0978                       u30 0958                       u25 09D0  
            __CFG_BORV$3 000000             __CFG_CP0$OFF 000000             __CFG_CP1$OFF 000000  
           __CFG_CP2$OFF 000000             __CFG_CP3$OFF 000000                      l102 0988  
                    l105 0998                      l113 0AEC                      l114 0ACE  
                    l108 09A8                      l155 0AB8                      l173 0B12  
                    l176 0B22                      l943 0A0E             __CFG_CPB$OFF 000000  
                    u250 0B64                      u327 0868                      u337 089E  
           __CFG_CPD$OFF 000000                      u347 08DC                      u357 0BD0  
            ?_LCD_gotoXY 001B             __CFG_BOR$OFF 000000    __size_of_WriteCmdXLCD 003E  
                    wreg 000FE8             __CFG_FOSC$HS 000000             __CFG_LVP$OFF 000000  
           __CFG_WDT$OFF 000000                     l1229 0906                     STR_1 0801  
                   STR_2 0812                     STR_3 0822                     _main 0830  
 __size_of_WriteDataXLCD 0048                     start 0000         __end_of_ADC_init 0B56  
       __end_of_ADC_read 0B32            __CFG_IESO$OFF 000000            __CFG_MCLRE$ON 000000  
           ___param_bank 000000             _WriteCmdXLCD 0A54         __end_of_LCD_Init 0B96  
          __CFG_PLLDIV$1 000000           __CFG_CCP2MX$ON 000000            ?_SetDDRamAddr 001A  
                  ?_main 001A                    _ADRES 000FC3                    _PORTD 000F83  
          __CFG_USBDIV$1 000000                    _TRISA 000F92                    _TRISD 000F95  
          __CFG_PWRT$OFF 000000            __CFG_WRT0$OFF 000000            __CFG_WRT1$OFF 000000  
          __CFG_WRT2$OFF 000000            __CFG_WRT3$OFF 000000           __CFG_EBTR0$OFF 000000  
         __CFG_FCMEN$OFF 000000           __CFG_EBTR1$OFF 000000           __CFG_EBTR2$OFF 000000  
         __CFG_EBTR3$OFF 000000            __CFG_WRTB$OFF 000000            __CFG_WRTC$OFF 000000  
          __CFG_WRTD$OFF 000000           __CFG_EBTRB$OFF 000000                    _datos 0001  
                  _valor 0018                    tablat 000FF5                    status 000FD8  
         __CFG_ICPRT$OFF 000000           __CFG_PBADEN$ON 000000      __size_of_LCD_gotoXY 0022  
        __initialization 0B96              LCD_gotoXY@x 001B              LCD_gotoXY@y 001D  
           __end_of_main 0916         __end_of_BusyXLCD 0ACC    __size_of_DelayPORXLCD 0010  
         ??_SetDDRamAddr 001A         __end_of_OpenXLCD 09BA                   ??_main 001F  
          __activetblptr 000001            _WriteDataXLCD 0A0C                   _ADCON0 000FC2  
           _DelayPORXLCD 0BCA           __CFG_XINST$OFF 000000           __CFG_STVREN$ON 000000  
                 clear_0 0B9C           ?_WriteDataXLCD 001A             __mediumconst 0000  
                 tblptrh 000FF7                   tblptrl 000FF6                   tblptru 000FF8  
              ?_ADC_init 001A                ?_ADC_read 001A               __accesstop 0060  
__end_of__initialization 0BA2                ?_LCD_Init 001A            ___rparam_used 000001  
         __pcstackCOMRAM 001A             ??_LCD_gotoXY 001F               ??_ADC_init 001A  
             ??_ADC_read 001C   __size_of_DelayFor18TCY 001A                ?_BusyXLCD 001A  
        WriteCmdXLCD@cmd 001A               ??_LCD_Init 001F     __end_of_SetDDRamAddr 0A0C  
              ?_OpenXLCD 001A       __end_of_LCD_gotoXY 0B78        WriteDataXLCD@data 001A  
        ??_WriteDataXLCD 001A       __size_of_putrsXLCD 0034               ??_BusyXLCD 001A  
        __CFG_VREGEN$OFF 000000               ADC_read@ch 001C               ??_OpenXLCD 001E  
                __Hparam 0000                  __Lparam 0000            _DelayFor18TCY 0BB0  
           __psmallconst 0800                  __pcinit 0B96          putrsXLCD@buffer 001B  
                __ramtop 0800                  __ptext0 0830                  __ptext1 0ACC  
                __ptext2 0A0C                  __ptext3 0B56                  __ptext4 0B78  
                __ptext5 0916                  __ptext6 0A54                  __ptext7 09BA  
                __ptext8 0BCA                  __ptext9 0A92                  _voltaje 0015  
   end_of_initialization 0BA2           ?_DelayFor18TCY 001A                  postinc0 000FEE  
      __end_of_putrsXLCD 0B00                _PORTBbits 000F81                _TRISBbits 000F93  
              _TRISDbits 000F95    __size_of_SetDDRamAddr 0052        __size_of_ADC_init 0024  
      __size_of_ADC_read 0032        __size_of_LCD_Init 001E             _SetDDRamAddr 09BA  
     SetDDRamAddr@DDaddr 001D      start_initialization 0B96        __size_of_BusyXLCD 003A  
        ??_DelayFor18TCY 001A        __size_of_OpenXLCD 00A4            ?_WriteCmdXLCD 001A  
       __CFG_LPT1OSC$OFF 000000              __pbssCOMRAM 0001           ??_WriteCmdXLCD 001A  
  __end_of_WriteDataXLCD 0A54              __smallconst 0800                 _ADC_init 0B32  
               _ADC_read 0B00                 _LCD_Init 0B78                 _LATDbits 000F8C  
          ?_DelayPORXLCD 001A          OpenXLCD@lcdtype 001E         __CFG_WDTPS$32768 000000  
             _ADCON0bits 000FC2               _ADCON1bits 000FC1               _ADCON2bits 000FC0  
              _putrsXLCD 0ACC                 _BusyXLCD 0A92           ??_DelayPORXLCD 001A  
               _OpenXLCD 0916                 __Hrparam 0000                 __Lrparam 0000  
           __Lsmallconst 0800               ?_putrsXLCD 001B                 __ptext10 0BB0  
               __ptext11 0B00                 __ptext12 0B32     __end_of_WriteCmdXLCD 0A92  
          __size_of_main 00E6    __CFG_CPUDIV$OSC1_PLL2 000000               _LCD_gotoXY 0B56  
  __end_of_DelayFor18TCY 0BCA     __end_of_DelayPORXLCD 0BDA              ??_putrsXLCD 001D  
