

Microchip MPLAB XC8 Assembler V2.20 build 20200408173844 
                                                                                               Sat Aug 22 15:33:21 2020

Microchip MPLAB XC8 C Compiler v2.20 (Free license) build 20200408173844 Og1 
     1                           	processor	18F4550
     2                           	fnconf	rparam,??,?,0
     3                           	pagewidth 120
     4                           	opt	flic
     5                           	psect	nvCOMRAM,global,class=COMRAM,space=1,delta=1,lowdata,noexec
     6                           	psect	cinit,global,reloc=2,class=CODE,delta=1
     7                           	psect	cstackCOMRAM,global,class=COMRAM,space=1,delta=1,lowdata,noexec
     8                           	psect	text0,global,reloc=2,class=CODE,delta=1
     9                           	psect	text1,global,reloc=2,class=CODE,delta=1
    10                           	psect	text2,global,reloc=2,class=CODE,delta=1
    11                           	psect	text3,global,reloc=2,class=CODE,delta=1
    12                           	psect	text4,global,reloc=2,class=CODE,delta=1
    13                           	psect	intsave_regs,global,class=BIGRAM,space=1,delta=1,noexec
    14                           	psect	rparam,global,class=COMRAM,space=1,delta=1,noexec
    15                           	psect	idloc,global,abs,ovrld,class=IDLOC,space=5,delta=1,noexec
    16                           	psect	config,global,abs,ovrld,class=CONFIG,space=4,delta=1,noexec
    17  0000                     
    18                           ; Version 2.20
    19                           ; Generated 12/02/2020 GMT
    20                           ; 
    21                           ; Copyright © 2020, Microchip Technology Inc. and its subsidiaries ("Microchip")
    22                           ; All rights reserved.
    23                           ; 
    24                           ; This software is developed by Microchip Technology Inc. and its subsidiaries ("Microch
      +                          ip").
    25                           ; 
    26                           ; Redistribution and use in source and binary forms, with or without modification, are
    27                           ; permitted provided that the following conditions are met:
    28                           ; 
    29                           ;     1. Redistributions of source code must retain the above copyright notice, this lis
      +                          t of
    30                           ;        conditions and the following disclaimer.
    31                           ; 
    32                           ;     2. Redistributions in binary form must reproduce the above copyright notice, this 
      +                          list
    33                           ;        of conditions and the following disclaimer in the documentation and/or other
    34                           ;        materials provided with the distribution.
    35                           ; 
    36                           ;     3. Microchip's name may not be used to endorse or promote products derived from th
      +                          is
    37                           ;        software without specific prior written permission.
    38                           ; 
    39                           ; THIS SOFTWARE IS PROVIDED BY MICROCHIP "AS IS" AND ANY EXPRESS OR IMPLIED WARRANTIES,
    40                           ; INCLUDING, BUT NOT LIMITED TO, THE IMPLIED WARRANTIES OF MERCHANTABILITY AND FITNESS F
      +                          OR
    41                           ; PURPOSE ARE DISCLAIMED.  IN NO EVENT SHALL MICROCHIP BE LIABLE FOR ANY DIRECT, INDIREC
      +                          T,
    42                           ; INCIDENTAL, SPECIAL, EXEMPLARY, OR CONSEQUENTIAL DAMAGES (INCLUDING BUT NOT LIMITED TO
    43                           ; PROCUREMENT OF SUBSTITUTE GOODS OR SERVICES; LOSS OF USE, DATA OR PROFITS; OR BUSINESS
    44                           ; INTERRUPTION) HOWSOEVER CAUSED AND ON ANY THEORY OF LIABILITY, WHETHER IN CONTRACT, ST
      +                          RICT
    45                           ; LIABILITY, OR TORT (INCLUDING NEGLIGENCE OR OTHERWISE) ARISING IN ANY WAY OUT OF THE U
      +                          SE OF
    46                           ; THIS SOFTWARE, EVEN IF ADVISED OF THE POSSIBILITY OF SUCH DAMAGE.
    47                           ; 
    48                           ; 
    49                           ; Code-generator required, PIC18F4550 Definitions
    50                           ; 
    51                           ; SFR Addresses
    52  0000                     
    53                           	psect	nvCOMRAM
    54  000004                     __pnvCOMRAM:
    55                           	callstack 0
    56  000004                     _i:
    57                           	callstack 0
    58  000004                     	ds	2
    59  0000                     _SSPBUF	set	4041
    60  0000                     _PIR1bits	set	3998
    61  0000                     _SSPCON2bits	set	4037
    62  0000                     _SSPADD	set	4040
    63  0000                     _SSPCON2	set	4037
    64  0000                     _SSPCON1bits	set	4038
    65  0000                     _SSPSTATbits	set	4039
    66  0000                     _TRISBbits	set	3987
    67                           
    68                           ; #config settings
    69                           
    70                           	psect	cinit
    71  007F44                     __pcinit:
    72                           	callstack 0
    73  007F44                     start_initialization:
    74                           	callstack 0
    75  007F44                     __initialization:
    76                           	callstack 0
    77  007F44                     end_of_initialization:
    78                           	callstack 0
    79  007F44                     __end_of__initialization:
    80                           	callstack 0
    81  007F44  0100               	movlb	0
    82  007F46  EFD1  F03F         	goto	_main	;jump to C main() function
    83                           
    84                           	psect	cstackCOMRAM
    85  000001                     __pcstackCOMRAM:
    86                           	callstack 0
    87  000001                     I2C_Tx@data:
    88                           	callstack 0
    89                           
    90                           ; 1 bytes @ 0x0
    91  000001                     	ds	1
    92  000002                     ??_main:
    93                           
    94                           ; 1 bytes @ 0x1
    95  000002                     	ds	2
    96                           
    97 ;;
    98 ;;Main: autosize = 0, tempsize = 2, incstack = 0, save=0
    99 ;;
   100 ;; *************** function _main *****************
   101 ;; Defined at:
   102 ;;		line 14 in file "Programa_principal.c"
   103 ;; Parameters:    Size  Location     Type
   104 ;;		None
   105 ;; Auto vars:     Size  Location     Type
   106 ;;		None
   107 ;; Return value:  Size  Location     Type
   108 ;;                  1    wreg      void 
   109 ;; Registers used:
   110 ;;		wreg, status,2, status,0, cstack
   111 ;; Tracked objects:
   112 ;;		On entry : 0/0
   113 ;;		On exit  : 0/0
   114 ;;		Unchanged: 0/0
   115 ;; Data sizes:     COMRAM   BANK0   BANK1   BANK2   BANK3   BANK4   BANK5   BANK6   BANK7
   116 ;;      Params:         0       0       0       0       0       0       0       0       0
   117 ;;      Locals:         0       0       0       0       0       0       0       0       0
   118 ;;      Temps:          2       0       0       0       0       0       0       0       0
   119 ;;      Totals:         2       0       0       0       0       0       0       0       0
   120 ;;Total ram usage:        2 bytes
   121 ;; Hardware stack levels required when called:    1
   122 ;; This function calls:
   123 ;;		_I2C_Init
   124 ;;		_I2C_Start
   125 ;;		_I2C_Stop
   126 ;;		_I2C_Tx
   127 ;; This function is called by:
   128 ;;		Startup code after reset
   129 ;; This function uses a non-reentrant model
   130 ;;
   131                           
   132                           	psect	text0
   133  007FA2                     __ptext0:
   134                           	callstack 0
   135  007FA2                     _main:
   136                           	callstack 30
   137  007FA2                     
   138                           ;Programa_principal.c: 15:     I2C_Init();
   139  007FA2  ECC3  F03F         	call	_I2C_Init	;wreg free
   140  007FA6                     l773:
   141                           
   142                           ;Programa_principal.c: 17:         for(i = 0; i<16;i++){
   143  007FA6  0E00               	movlw	0
   144  007FA8  6E05               	movwf	(_i+1)^0,c
   145  007FAA  0E00               	movlw	0
   146  007FAC  6E04               	movwf	_i^0,c
   147  007FAE                     l779:
   148                           
   149                           ;Programa_principal.c: 18:             I2C_Start();
   150  007FAE  ECA5  F03F         	call	_I2C_Start	;wreg free
   151  007FB2                     
   152                           ;Programa_principal.c: 19:             I2C_Tx(0x40);
   153  007FB2  0E40               	movlw	64
   154  007FB4  ECB7  F03F         	call	_I2C_Tx
   155  007FB8                     
   156                           ;Programa_principal.c: 20:             I2C_Tx(i);
   157  007FB8  5004               	movf	_i^0,w,c
   158  007FBA  ECB7  F03F         	call	_I2C_Tx
   159  007FBE                     
   160                           ;Programa_principal.c: 21:             I2C_Stop();
   161  007FBE  ECAE  F03F         	call	_I2C_Stop	;wreg free
   162  007FC2                     
   163                           ;Programa_principal.c: 22:             _delay((unsigned long)((250)*(20000000L/4000.0)))
      +                          ;
   164  007FC2  0E07               	movlw	7
   165  007FC4  6E03               	movwf	(??_main+1)^0,c
   166  007FC6  0E58               	movlw	88
   167  007FC8  6E02               	movwf	??_main^0,c
   168  007FCA  0E5A               	movlw	90
   169  007FCC                     u97:
   170  007FCC  2EE8               	decfsz	wreg,f,c
   171  007FCE  D7FE               	bra	u97
   172  007FD0  2E02               	decfsz	??_main^0,f,c
   173  007FD2  D7FC               	bra	u97
   174  007FD4  2E03               	decfsz	(??_main+1)^0,f,c
   175  007FD6  D7FA               	bra	u97
   176  007FD8                     
   177                           ;Programa_principal.c: 23:         }
   178  007FD8  4A04               	infsnz	_i^0,f,c
   179  007FDA  2A05               	incf	(_i+1)^0,f,c
   180  007FDC  BE05               	btfsc	(_i+1)^0,7,c
   181  007FDE  EFFA  F03F         	goto	u41
   182  007FE2  5005               	movf	(_i+1)^0,w,c
   183  007FE4  E109               	bnz	u40
   184  007FE6  0E10               	movlw	16
   185  007FE8  5C04               	subwf	_i^0,w,c
   186  007FEA  A0D8               	btfss	status,0,c
   187  007FEC  EFFA  F03F         	goto	u41
   188  007FF0  EFFC  F03F         	goto	u40
   189  007FF4                     u41:
   190  007FF4  EFD7  F03F         	goto	l779
   191  007FF8                     u40:
   192  007FF8  EFD3  F03F         	goto	l773
   193  007FFC  EF00  F000         	goto	start
   194  008000                     __end_of_main:
   195                           	callstack 0
   196                           
   197 ;; *************** function _I2C_Tx *****************
   198 ;; Defined at:
   199 ;;		line 51 in file "I2C_Libreria.c"
   200 ;; Parameters:    Size  Location     Type
   201 ;;  data            1    wreg     unsigned char 
   202 ;; Auto vars:     Size  Location     Type
   203 ;;  data            1    0[COMRAM] unsigned char 
   204 ;; Return value:  Size  Location     Type
   205 ;;                  1    wreg      void 
   206 ;; Registers used:
   207 ;;		wreg
   208 ;; Tracked objects:
   209 ;;		On entry : 0/0
   210 ;;		On exit  : 0/0
   211 ;;		Unchanged: 0/0
   212 ;; Data sizes:     COMRAM   BANK0   BANK1   BANK2   BANK3   BANK4   BANK5   BANK6   BANK7
   213 ;;      Params:         0       0       0       0       0       0       0       0       0
   214 ;;      Locals:         1       0       0       0       0       0       0       0       0
   215 ;;      Temps:          0       0       0       0       0       0       0       0       0
   216 ;;      Totals:         1       0       0       0       0       0       0       0       0
   217 ;;Total ram usage:        1 bytes
   218 ;; Hardware stack levels used:    1
   219 ;; This function calls:
   220 ;;		Nothing
   221 ;; This function is called by:
   222 ;;		_main
   223 ;; This function uses a non-reentrant model
   224 ;;
   225                           
   226                           	psect	text1
   227  007F6E                     __ptext1:
   228                           	callstack 0
   229  007F6E                     _I2C_Tx:
   230                           	callstack 30
   231                           
   232                           ;incstack = 0
   233                           ;I2C_Tx@data stored from wreg
   234  007F6E  6E01               	movwf	I2C_Tx@data^0,c
   235  007F70                     
   236                           ;I2C_Libreria.c: 52:     PIR1bits.SSPIF = 0;
   237  007F70  969E               	bcf	158,3,c	;volatile
   238  007F72                     
   239                           ;I2C_Libreria.c: 53:     SSPBUF = data;
   240  007F72  C001  FFC9         	movff	I2C_Tx@data,4041	;volatile
   241  007F76                     l74:
   242  007F76  A69E               	btfss	158,3,c	;volatile
   243  007F78  EFC0  F03F         	goto	u21
   244  007F7C  EFC2  F03F         	goto	u20
   245  007F80                     u21:
   246  007F80  EFBB  F03F         	goto	l74
   247  007F84                     u20:
   248  007F84  0012               	return		;funcret
   249  007F86                     __end_of_I2C_Tx:
   250                           	callstack 0
   251                           
   252 ;; *************** function _I2C_Stop *****************
   253 ;; Defined at:
   254 ;;		line 27 in file "I2C_Libreria.c"
   255 ;; Parameters:    Size  Location     Type
   256 ;;		None
   257 ;; Auto vars:     Size  Location     Type
   258 ;;		None
   259 ;; Return value:  Size  Location     Type
   260 ;;                  1    wreg      void 
   261 ;; Registers used:
   262 ;;		None
   263 ;; Tracked objects:
   264 ;;		On entry : 0/0
   265 ;;		On exit  : 0/0
   266 ;;		Unchanged: 0/0
   267 ;; Data sizes:     COMRAM   BANK0   BANK1   BANK2   BANK3   BANK4   BANK5   BANK6   BANK7
   268 ;;      Params:         0       0       0       0       0       0       0       0       0
   269 ;;      Locals:         0       0       0       0       0       0       0       0       0
   270 ;;      Temps:          0       0       0       0       0       0       0       0       0
   271 ;;      Totals:         0       0       0       0       0       0       0       0       0
   272 ;;Total ram usage:        0 bytes
   273 ;; Hardware stack levels used:    1
   274 ;; This function calls:
   275 ;;		Nothing
   276 ;; This function is called by:
   277 ;;		_main
   278 ;; This function uses a non-reentrant model
   279 ;;
   280                           
   281                           	psect	text2
   282  007F5C                     __ptext2:
   283                           	callstack 0
   284  007F5C                     _I2C_Stop:
   285                           	callstack 30
   286  007F5C                     
   287                           ;I2C_Libreria.c: 28:     SSPCON2bits.PEN = 1;
   288  007F5C  84C5               	bsf	197,2,c	;volatile
   289  007F5E                     l50:
   290  007F5E  B4C5               	btfsc	197,2,c	;volatile
   291  007F60  EFB4  F03F         	goto	u31
   292  007F64  EFB6  F03F         	goto	u30
   293  007F68                     u31:
   294  007F68  EFAF  F03F         	goto	l50
   295  007F6C                     u30:
   296  007F6C  0012               	return		;funcret
   297  007F6E                     __end_of_I2C_Stop:
   298                           	callstack 0
   299                           
   300 ;; *************** function _I2C_Start *****************
   301 ;; Defined at:
   302 ;;		line 22 in file "I2C_Libreria.c"
   303 ;; Parameters:    Size  Location     Type
   304 ;;		None
   305 ;; Auto vars:     Size  Location     Type
   306 ;;		None
   307 ;; Return value:  Size  Location     Type
   308 ;;                  1    wreg      void 
   309 ;; Registers used:
   310 ;;		None
   311 ;; Tracked objects:
   312 ;;		On entry : 0/0
   313 ;;		On exit  : 0/0
   314 ;;		Unchanged: 0/0
   315 ;; Data sizes:     COMRAM   BANK0   BANK1   BANK2   BANK3   BANK4   BANK5   BANK6   BANK7
   316 ;;      Params:         0       0       0       0       0       0       0       0       0
   317 ;;      Locals:         0       0       0       0       0       0       0       0       0
   318 ;;      Temps:          0       0       0       0       0       0       0       0       0
   319 ;;      Totals:         0       0       0       0       0       0       0       0       0
   320 ;;Total ram usage:        0 bytes
   321 ;; Hardware stack levels used:    1
   322 ;; This function calls:
   323 ;;		Nothing
   324 ;; This function is called by:
   325 ;;		_main
   326 ;; This function uses a non-reentrant model
   327 ;;
   328                           
   329                           	psect	text3
   330  007F4A                     __ptext3:
   331                           	callstack 0
   332  007F4A                     _I2C_Start:
   333                           	callstack 30
   334  007F4A                     
   335                           ;I2C_Libreria.c: 23:     SSPCON2bits.SEN = 1;
   336  007F4A  80C5               	bsf	197,0,c	;volatile
   337  007F4C                     l44:
   338  007F4C  B0C5               	btfsc	197,0,c	;volatile
   339  007F4E  EFAB  F03F         	goto	u11
   340  007F52  EFAD  F03F         	goto	u10
   341  007F56                     u11:
   342  007F56  EFA6  F03F         	goto	l44
   343  007F5A                     u10:
   344  007F5A  0012               	return		;funcret
   345  007F5C                     __end_of_I2C_Start:
   346                           	callstack 0
   347                           
   348 ;; *************** function _I2C_Init *****************
   349 ;; Defined at:
   350 ;;		line 5 in file "I2C_Libreria.c"
   351 ;; Parameters:    Size  Location     Type
   352 ;;		None
   353 ;; Auto vars:     Size  Location     Type
   354 ;;		None
   355 ;; Return value:  Size  Location     Type
   356 ;;                  1    wreg      void 
   357 ;; Registers used:
   358 ;;		wreg, status,2
   359 ;; Tracked objects:
   360 ;;		On entry : 0/0
   361 ;;		On exit  : 0/0
   362 ;;		Unchanged: 0/0
   363 ;; Data sizes:     COMRAM   BANK0   BANK1   BANK2   BANK3   BANK4   BANK5   BANK6   BANK7
   364 ;;      Params:         0       0       0       0       0       0       0       0       0
   365 ;;      Locals:         0       0       0       0       0       0       0       0       0
   366 ;;      Temps:          0       0       0       0       0       0       0       0       0
   367 ;;      Totals:         0       0       0       0       0       0       0       0       0
   368 ;;Total ram usage:        0 bytes
   369 ;; Hardware stack levels used:    1
   370 ;; This function calls:
   371 ;;		Nothing
   372 ;; This function is called by:
   373 ;;		_main
   374 ;; This function uses a non-reentrant model
   375 ;;
   376                           
   377                           	psect	text4
   378  007F86                     __ptext4:
   379                           	callstack 0
   380  007F86                     _I2C_Init:
   381                           	callstack 30
   382  007F86                     
   383                           ;I2C_Libreria.c: 6:     TRISBbits.RB1 = 1;
   384  007F86  8293               	bsf	147,1,c	;volatile
   385                           
   386                           ;I2C_Libreria.c: 7:     TRISBbits.RB0 = 1;
   387  007F88  8093               	bsf	147,0,c	;volatile
   388                           
   389                           ;I2C_Libreria.c: 9:     SSPSTATbits.SMP = 1;
   390  007F8A  8EC7               	bsf	199,7,c	;volatile
   391                           
   392                           ;I2C_Libreria.c: 10:     SSPSTATbits.CKE = 0;
   393  007F8C  9CC7               	bcf	199,6,c	;volatile
   394                           
   395                           ;I2C_Libreria.c: 13:     SSPCON1bits.SSPEN = 1;
   396  007F8E  8AC6               	bsf	198,5,c	;volatile
   397  007F90                     
   398                           ;I2C_Libreria.c: 14:     SSPCON1bits.SSPM = 0b1000;
   399  007F90  50C6               	movf	198,w,c	;volatile
   400  007F92  0BF0               	andlw	-16
   401  007F94  0908               	iorlw	8
   402  007F96  6EC6               	movwf	198,c	;volatile
   403                           
   404                           ;I2C_Libreria.c: 16:     SSPCON2 = 0x00;
   405  007F98  0E00               	movlw	0
   406  007F9A  6EC5               	movwf	197,c	;volatile
   407                           
   408                           ;I2C_Libreria.c: 18:     SSPADD = 49;
   409  007F9C  0E31               	movlw	49
   410  007F9E  6EC8               	movwf	200,c	;volatile
   411  007FA0  0012               	return		;funcret
   412  007FA2                     __end_of_I2C_Init:
   413                           	callstack 0
   414  0000                     
   415                           	psect	rparam
   416  0000                     
   417                           	psect	idloc
   418                           
   419                           ;Config register IDLOC0 @ 0x200000
   420                           ;	unspecified, using default values
   421  200000                     	org	2097152
   422  200000  FF                 	db	255
   423                           
   424                           ;Config register IDLOC1 @ 0x200001
   425                           ;	unspecified, using default values
   426  200001                     	org	2097153
   427  200001  FF                 	db	255
   428                           
   429                           ;Config register IDLOC2 @ 0x200002
   430                           ;	unspecified, using default values
   431  200002                     	org	2097154
   432  200002  FF                 	db	255
   433                           
   434                           ;Config register IDLOC3 @ 0x200003
   435                           ;	unspecified, using default values
   436  200003                     	org	2097155
   437  200003  FF                 	db	255
   438                           
   439                           ;Config register IDLOC4 @ 0x200004
   440                           ;	unspecified, using default values
   441  200004                     	org	2097156
   442  200004  FF                 	db	255
   443                           
   444                           ;Config register IDLOC5 @ 0x200005
   445                           ;	unspecified, using default values
   446  200005                     	org	2097157
   447  200005  FF                 	db	255
   448                           
   449                           ;Config register IDLOC6 @ 0x200006
   450                           ;	unspecified, using default values
   451  200006                     	org	2097158
   452  200006  FF                 	db	255
   453                           
   454                           ;Config register IDLOC7 @ 0x200007
   455                           ;	unspecified, using default values
   456  200007                     	org	2097159
   457  200007  FF                 	db	255
   458                           
   459                           	psect	config
   460                           
   461                           ;Config register CONFIG1L @ 0x300000
   462                           ;	PLL Prescaler Selection bits
   463                           ;	PLLDIV = 1, No prescale (4 MHz oscillator input drives PLL directly)
   464                           ;	System Clock Postscaler Selection bits
   465                           ;	CPUDIV = OSC1_PLL2, [Primary Oscillator Src: /1][96 MHz PLL Src: /2]
   466                           ;	USB Clock Selection bit (used in Full-Speed USB mode only; UCFG:FSEN = 1)
   467                           ;	USBDIV = 1, USB clock source comes directly from the primary oscillator block with no 
      +                          postscale
   468  300000                     	org	3145728
   469  300000  00                 	db	0
   470                           
   471                           ;Config register CONFIG1H @ 0x300001
   472                           ;	Oscillator Selection bits
   473                           ;	FOSC = HS, HS oscillator (HS)
   474                           ;	Fail-Safe Clock Monitor Enable bit
   475                           ;	FCMEN = OFF, Fail-Safe Clock Monitor disabled
   476                           ;	Internal/External Oscillator Switchover bit
   477                           ;	IESO = OFF, Oscillator Switchover mode disabled
   478  300001                     	org	3145729
   479  300001  0C                 	db	12
   480                           
   481                           ;Config register CONFIG2L @ 0x300002
   482                           ;	Power-up Timer Enable bit
   483                           ;	PWRT = ON, PWRT enabled
   484                           ;	Brown-out Reset Enable bits
   485                           ;	BOR = OFF, Brown-out Reset disabled in hardware and software
   486                           ;	Brown-out Reset Voltage bits
   487                           ;	BORV = 3, Minimum setting 2.05V
   488                           ;	USB Voltage Regulator Enable bit
   489                           ;	VREGEN = OFF, USB voltage regulator disabled
   490  300002                     	org	3145730
   491  300002  18                 	db	24
   492                           
   493                           ;Config register CONFIG2H @ 0x300003
   494                           ;	Watchdog Timer Enable bit
   495                           ;	WDT = OFF, WDT disabled (control is placed on the SWDTEN bit)
   496                           ;	Watchdog Timer Postscale Select bits
   497                           ;	WDTPS = 32768, 1:32768
   498  300003                     	org	3145731
   499  300003  1E                 	db	30
   500                           
   501                           ; Padding undefined space
   502  300004                     	org	3145732
   503  300004  FF                 	db	255
   504                           
   505                           ;Config register CONFIG3H @ 0x300005
   506                           ;	CCP2 MUX bit
   507                           ;	CCP2MX = ON, CCP2 input/output is multiplexed with RC1
   508                           ;	PORTB A/D Enable bit
   509                           ;	PBADEN = OFF, PORTB<4:0> pins are configured as digital I/O on Reset
   510                           ;	Low-Power Timer 1 Oscillator Enable bit
   511                           ;	LPT1OSC = OFF, Timer1 configured for higher power operation
   512                           ;	MCLR Pin Enable bit
   513                           ;	MCLRE = ON, MCLR pin enabled; RE3 input pin disabled
   514  300005                     	org	3145733
   515  300005  81                 	db	129
   516                           
   517                           ;Config register CONFIG4L @ 0x300006
   518                           ;	Stack Full/Underflow Reset Enable bit
   519                           ;	STVREN = OFF, Stack full/underflow will not cause Reset
   520                           ;	Single-Supply ICSP Enable bit
   521                           ;	LVP = OFF, Single-Supply ICSP disabled
   522                           ;	Dedicated In-Circuit Debug/Programming Port (ICPORT) Enable bit
   523                           ;	ICPRT = OFF, ICPORT disabled
   524                           ;	Extended Instruction Set Enable bit
   525                           ;	XINST = OFF, Instruction set extension and Indexed Addressing mode disabled (Legacy mo
      +                          de)
   526                           ;	Background Debugger Enable bit
   527                           ;	DEBUG = 0x1, unprogrammed default
   528  300006                     	org	3145734
   529  300006  80                 	db	128
   530                           
   531                           ; Padding undefined space
   532  300007                     	org	3145735
   533  300007  FF                 	db	255
   534                           
   535                           ;Config register CONFIG5L @ 0x300008
   536                           ;	Code Protection bit
   537                           ;	CP0 = OFF, Block 0 (000800-001FFFh) is not code-protected
   538                           ;	Code Protection bit
   539                           ;	CP1 = OFF, Block 1 (002000-003FFFh) is not code-protected
   540                           ;	Code Protection bit
   541                           ;	CP2 = OFF, Block 2 (004000-005FFFh) is not code-protected
   542                           ;	Code Protection bit
   543                           ;	CP3 = OFF, Block 3 (006000-007FFFh) is not code-protected
   544  300008                     	org	3145736
   545  300008  0F                 	db	15
   546                           
   547                           ;Config register CONFIG5H @ 0x300009
   548                           ;	Boot Block Code Protection bit
   549                           ;	CPB = OFF, Boot block (000000-0007FFh) is not code-protected
   550                           ;	Data EEPROM Code Protection bit
   551                           ;	CPD = OFF, Data EEPROM is not code-protected
   552  300009                     	org	3145737
   553  300009  C0                 	db	192
   554                           
   555                           ;Config register CONFIG6L @ 0x30000A
   556                           ;	Write Protection bit
   557                           ;	WRT0 = OFF, Block 0 (000800-001FFFh) is not write-protected
   558                           ;	Write Protection bit
   559                           ;	WRT1 = OFF, Block 1 (002000-003FFFh) is not write-protected
   560                           ;	Write Protection bit
   561                           ;	WRT2 = OFF, Block 2 (004000-005FFFh) is not write-protected
   562                           ;	Write Protection bit
   563                           ;	WRT3 = OFF, Block 3 (006000-007FFFh) is not write-protected
   564  30000A                     	org	3145738
   565  30000A  0F                 	db	15
   566                           
   567                           ;Config register CONFIG6H @ 0x30000B
   568                           ;	Configuration Register Write Protection bit
   569                           ;	WRTC = OFF, Configuration registers (300000-3000FFh) are not write-protected
   570                           ;	Boot Block Write Protection bit
   571                           ;	WRTB = OFF, Boot block (000000-0007FFh) is not write-protected
   572                           ;	Data EEPROM Write Protection bit
   573                           ;	WRTD = OFF, Data EEPROM is not write-protected
   574  30000B                     	org	3145739
   575  30000B  E0                 	db	224
   576                           
   577                           ;Config register CONFIG7L @ 0x30000C
   578                           ;	Table Read Protection bit
   579                           ;	EBTR0 = OFF, Block 0 (000800-001FFFh) is not protected from table reads executed in ot
      +                          her blocks
   580                           ;	Table Read Protection bit
   581                           ;	EBTR1 = OFF, Block 1 (002000-003FFFh) is not protected from table reads executed in ot
      +                          her blocks
   582                           ;	Table Read Protection bit
   583                           ;	EBTR2 = OFF, Block 2 (004000-005FFFh) is not protected from table reads executed in ot
      +                          her blocks
   584                           ;	Table Read Protection bit
   585                           ;	EBTR3 = OFF, Block 3 (006000-007FFFh) is not protected from table reads executed in ot
      +                          her blocks
   586  30000C                     	org	3145740
   587  30000C  0F                 	db	15
   588                           
   589                           ;Config register CONFIG7H @ 0x30000D
   590                           ;	Boot Block Table Read Protection bit
   591                           ;	EBTRB = OFF, Boot block (000000-0007FFh) is not protected from table reads executed in
      +                           other blocks
   592  30000D                     	org	3145741
   593  30000D  40                 	db	64
   594                           tosu	equ	0xFFF
   595                           tosh	equ	0xFFE
   596                           tosl	equ	0xFFD
   597                           stkptr	equ	0xFFC
   598                           pclatu	equ	0xFFB
   599                           pclath	equ	0xFFA
   600                           pcl	equ	0xFF9
   601                           tblptru	equ	0xFF8
   602                           tblptrh	equ	0xFF7
   603                           tblptrl	equ	0xFF6
   604                           tablat	equ	0xFF5
   605                           prodh	equ	0xFF4
   606                           prodl	equ	0xFF3
   607                           indf0	equ	0xFEF
   608                           postinc0	equ	0xFEE
   609                           postdec0	equ	0xFED
   610                           preinc0	equ	0xFEC
   611                           plusw0	equ	0xFEB
   612                           fsr0h	equ	0xFEA
   613                           fsr0l	equ	0xFE9
   614                           wreg	equ	0xFE8
   615                           indf1	equ	0xFE7
   616                           postinc1	equ	0xFE6
   617                           postdec1	equ	0xFE5
   618                           preinc1	equ	0xFE4
   619                           plusw1	equ	0xFE3
   620                           fsr1h	equ	0xFE2
   621                           fsr1l	equ	0xFE1
   622                           bsr	equ	0xFE0
   623                           indf2	equ	0xFDF
   624                           postinc2	equ	0xFDE
   625                           postdec2	equ	0xFDD
   626                           preinc2	equ	0xFDC
   627                           plusw2	equ	0xFDB
   628                           fsr2h	equ	0xFDA
   629                           fsr2l	equ	0xFD9
   630                           status	equ	0xFD8

Data Sizes:
    Strings     0
    Constant    0
    Data        0
    BSS         0
    Persistent  2
    Stack       0

Auto Spaces:
    Space          Size  Autos    Used
    COMRAM           95      3       5
    BANK0           160      0       0
    BANK1           256      0       0
    BANK2           256      0       0
    BANK3           256      0       0
    BANK4           256      0       0
    BANK5           256      0       0
    BANK6           256      0       0
    BANK7           256      0       0

Pointer List with Targets:

    None.

Critical Paths under _main in COMRAM

    _main->_I2C_Tx

Critical Paths under _main in BANK0

    None.

Critical Paths under _main in BANK1

    None.

Critical Paths under _main in BANK2

    None.

Critical Paths under _main in BANK3

    None.

Critical Paths under _main in BANK4

    None.

Critical Paths under _main in BANK5

    None.

Critical Paths under _main in BANK6

    None.

Critical Paths under _main in BANK7

    None.

Call Graph Tables:

 ---------------------------------------------------------------------------------
 (Depth) Function   	        Calls       Base Space   Used Autos Params    Refs
 ---------------------------------------------------------------------------------
 (0) _main                                                 2     2      0      15
                                              1 COMRAM     2     2      0
                           _I2C_Init
                          _I2C_Start
                           _I2C_Stop
                             _I2C_Tx
 ---------------------------------------------------------------------------------
 (1) _I2C_Tx                                               1     1      0      15
                                              0 COMRAM     1     1      0
 ---------------------------------------------------------------------------------
 (1) _I2C_Stop                                             0     0      0       0
 ---------------------------------------------------------------------------------
 (1) _I2C_Start                                            0     0      0       0
 ---------------------------------------------------------------------------------
 (1) _I2C_Init                                             0     0      0       0
 ---------------------------------------------------------------------------------
 Estimated maximum stack depth 1
 ---------------------------------------------------------------------------------

 Call Graph Graphs:

 _main (ROOT)
   _I2C_Init
   _I2C_Start
   _I2C_Stop
   _I2C_Tx

 Address spaces:
Name               Size   Autos  Total    Cost      Usage
BITCOMRAM           5F      0       0       0        0.0%
EEDATA             100      0       0       0        0.0%
NULL                 0      0       0       0        0.0%
CODE                 0      0       0       0        0.0%
COMRAM              5F      3       5       1        5.3%
STACK                0      0       0       2        0.0%
DATA                 0      0       5       3        0.0%
BITBANK0            A0      0       0       4        0.0%
BANK0               A0      0       0       5        0.0%
BITBANK1           100      0       0       6        0.0%
BANK1              100      0       0       7        0.0%
BITBANK2           100      0       0       8        0.0%
BANK2              100      0       0       9        0.0%
BITBANK3           100      0       0      10        0.0%
BANK3              100      0       0      11        0.0%
BITBANK4           100      0       0      12        0.0%
BANK4              100      0       0      13        0.0%
BITBANK5           100      0       0      14        0.0%
BANK5              100      0       0      15        0.0%
BITBANK6           100      0       0      16        0.0%
BANK6              100      0       0      17        0.0%
BITBANK7           100      0       0      18        0.0%
BANK7              100      0       0      19        0.0%
ABS                  0      0       5      20        0.0%
BIGRAM             7FF      0       0      21        0.0%
BITSFR               0      0       0     200        0.0%
SFR                  0      0       0     200        0.0%


Microchip Technology PIC18 Macro Assembler V2.20 build 20200408173844 
Symbol Table                                                                                   Sat Aug 22 15:33:21 2020

                      _i 0004       __size_of_I2C_Start 0012              _SSPSTATbits 000FC7  
                     l41 7FA0                       l50 7F5E                       l44 7F4C  
                     l53 7F6C                       l47 7F5A                       l74 7F76  
                     l77 7F84                       u10 7F5A                       u11 7F56  
                     u20 7F84                       u21 7F80                       u30 7F6C  
                     u31 7F68                       u40 7FF8                       u41 7FF4  
                     u97 7FCC                      l761 7F90                      l763 7F4A  
                    l771 7FA2                      l765 7F70                      l781 7FB2  
                    l773 7FA6                      l759 7F86                      l767 7F72  
                    l791 7FDC                      l783 7FB8                      l769 7F5C  
                    l785 7FBE                      l787 7FC2                      l779 7FAE  
                    l789 7FD8                      wreg 000FE8                     _main 7FA2  
       __end_of_I2C_Init 7FA2         __end_of_I2C_Stop 7F6E                     start 0000  
           ___param_bank 000000                    ?_main 0001        __end_of_I2C_Start 7F5C  
                  status 000FD8          __initialization 7F44             __end_of_main 8000  
                 ??_main 0002            __activetblptr 000000                   _I2C_Tx 7F6E  
                 _SSPADD 000FC8                   _SSPBUF 000FC9                ?_I2C_Init 0001  
              ?_I2C_Stop 0001               __accesstop 0060  __end_of__initialization 7F44  
          ___rparam_used 000001           __pcstackCOMRAM 0001               ??_I2C_Init 0001  
             ??_I2C_Stop 0001                  ?_I2C_Tx 0001               __pnvCOMRAM 0004  
             I2C_Tx@data 0001                  _SSPCON2 000FC5          __size_of_I2C_Tx 0018  
              _I2C_Start 7F4A                  __Hparam 0000                  __Lparam 0000  
                __pcinit 7F44                  __ramtop 0800                  __ptext0 7FA2  
                __ptext1 7F6E                  __ptext2 7F5C                  __ptext3 7F4A  
                __ptext4 7F86     end_of_initialization 7F44               ?_I2C_Start 0001  
              _TRISBbits 000F93        __size_of_I2C_Init 001C        __size_of_I2C_Stop 0012  
         __end_of_I2C_Tx 7F86      start_initialization 7F44                 ??_I2C_Tx 0001  
            ??_I2C_Start 0001                 _I2C_Init 7F86                 _I2C_Stop 7F5C  
               _PIR1bits 000F9E                 __Hrparam 0000                 __Lrparam 0000  
          __size_of_main 005E              _SSPCON1bits 000FC6              _SSPCON2bits 000FC5  
