

Microchip Technology PIC18 LITE Macro Assembler V1.45 build -152302408 
                                                                                               Tue May 22 21:48:54 2018

Microchip Technology Omniscient Code Generator v1.45 (Free mode) build 201711160504
     1                           	processor	18F4550
     2                           	fnconf	rparam,??,?,0
     3                           	opt	pw 120
     4                           	opt	lm
     5                           	psect	cinit,global,reloc=2,class=CODE,delta=1
     6                           	psect	cstackCOMRAM,global,class=COMRAM,space=1,delta=1,noexec
     7                           	psect	text0,global,reloc=2,class=CODE,delta=1
     8                           	psect	intsave_regs,global,class=BIGRAM,space=1,delta=1,noexec
     9                           	psect	rparam,global,class=COMRAM,space=1,delta=1,noexec
    10  0000                     
    11                           ; Version 1.45
    12                           ; Generated 16/11/2017 GMT
    13                           ; 
    14                           ; Copyright © 2017, Microchip Technology Inc. and its subsidiaries ("Microchip")
    15                           ; All rights reserved.
    16                           ; 
    17                           ; This software is developed by Microchip Technology Inc. and its subsidiaries ("Microch
      +                          ip").
    18                           ; 
    19                           ; Redistribution and use in source and binary forms, with or without modification, are
    20                           ; permitted provided that the following conditions are met:
    21                           ; 
    22                           ;     1. Redistributions of source code must retain the above copyright notice, this lis
      +                          t of
    23                           ;        conditions and the following disclaimer.
    24                           ; 
    25                           ;     2. Redistributions in binary form must reproduce the above copyright notice, this 
      +                          list
    26                           ;        of conditions and the following disclaimer in the documentation and/or other
    27                           ;        materials provided with the distribution.
    28                           ; 
    29                           ;     3. Microchip's name may not be used to endorse or promote products derived from th
      +                          is
    30                           ;        software without specific prior written permission.
    31                           ; 
    32                           ; THIS SOFTWARE IS PROVIDED BY MICROCHIP "AS IS" AND ANY EXPRESS OR IMPLIED WARRANTIES,
    33                           ; INCLUDING, BUT NOT LIMITED TO, THE IMPLIED WARRANTIES OF MERCHANTABILITY AND FITNESS F
      +                          OR
    34                           ; PURPOSE ARE DISCLAIMED.  IN NO EVENT SHALL MICROCHIP BE LIABLE FOR ANY DIRECT, INDIREC
      +                          T,
    35                           ; INCIDENTAL, SPECIAL, EXEMPLARY, OR CONSEQUENTIAL DAMAGES (INCLUDING BUT NOT LIMITED TO
    36                           ; PROCUREMENT OF SUBSTITUTE GOODS OR SERVICES; LOSS OF USE, DATA OR PROFITS; OR BUSINESS
    37                           ; INTERRUPTION) HOWSOEVER CAUSED AND ON ANY THEORY OF LIABILITY, WHETHER IN CONTRACT, ST
      +                          RICT
    38                           ; LIABILITY, OR TORT (INCLUDING NEGLIGENCE OR OTHERWISE) ARISING IN ANY WAY OUT OF THE U
      +                          SE OF
    39                           ; THIS SOFTWARE, EVEN IF ADVISED OF THE POSSIBILITY OF SUCH DAMAGE.
    40                           ; 
    41                           ; 
    42                           ; Code-generator required, PIC18F4550 Definitions
    43                           ; 
    44                           ; SFR Addresses
    45  0000                     _ADRESL	set	4035
    46  0000                     _PORTD	set	3971
    47  0000                     _ADCON0bits	set	4034
    48  0000                     _ADCON2bits	set	4032
    49  0000                     _ADCON0	set	4034
    50  0000                     _ADCON1bits	set	4033
    51  0000                     _TRISD	set	3989
    52  0000                     _TRISA	set	3986
    53                           
    54                           ; #config settings
    55  0000                     
    56                           	psect	cinit
    57  007FC2                     __pcinit:
    58                           	opt stack 0
    59  007FC2                     start_initialization:
    60                           	opt stack 0
    61  007FC2                     __initialization:
    62                           	opt stack 0
    63  007FC2                     end_of_initialization:
    64                           	opt stack 0
    65  007FC2                     __end_of__initialization:
    66                           	opt stack 0
    67  007FC2  0100               	movlb	0
    68  007FC4  EFE4  F03F         	goto	_main	;jump to C main() function
    69                           
    70                           	psect	cstackCOMRAM
    71  000000                     __pcstackCOMRAM:
    72                           	opt stack 0
    73  000000                     
    74                           ; 1 bytes @ 0x0
    75 ;;
    76 ;;Main: autosize = 0, tempsize = 0, incstack = 0, save=0
    77 ;;
    78 ;; *************** function _main *****************
    79 ;; Defined at:
    80 ;;		line 39 in file "Programa_principal.c"
    81 ;; Parameters:    Size  Location     Type
    82 ;;		None
    83 ;; Auto vars:     Size  Location     Type
    84 ;;		None
    85 ;; Return value:  Size  Location     Type
    86 ;;                  1    wreg      void 
    87 ;; Registers used:
    88 ;;		wreg, status,2
    89 ;; Tracked objects:
    90 ;;		On entry : 0/0
    91 ;;		On exit  : 0/0
    92 ;;		Unchanged: 0/0
    93 ;; Data sizes:     COMRAM   BANK0   BANK1   BANK2   BANK3   BANK4   BANK5   BANK6   BANK7
    94 ;;      Params:         0       0       0       0       0       0       0       0       0
    95 ;;      Locals:         0       0       0       0       0       0       0       0       0
    96 ;;      Temps:          0       0       0       0       0       0       0       0       0
    97 ;;      Totals:         0       0       0       0       0       0       0       0       0
    98 ;;Total ram usage:        0 bytes
    99 ;; This function calls:
   100 ;;		Nothing
   101 ;; This function is called by:
   102 ;;		Startup code after reset
   103 ;; This function uses a non-reentrant model
   104 ;;
   105                           
   106                           	psect	text0
   107  007FC8                     __ptext0:
   108                           	opt stack 0
   109  007FC8                     _main:
   110                           	opt stack 31
   111                           
   112                           ;Programa_principal.c: 40: TRISA = 1;
   113                           
   114                           ;incstack = 0
   115  007FC8  0E01               	movlw	1
   116  007FCA  6E92               	movwf	3986,c	;volatile
   117                           
   118                           ;Programa_principal.c: 41: TRISD = 0;
   119  007FCC  0E00               	movlw	0
   120  007FCE  6E95               	movwf	3989,c	;volatile
   121                           
   122                           ;Programa_principal.c: 42: ADCON1bits.PCFG = 0;
   123  007FD0  90C1               	bcf	4033,0,c	;volatile
   124  007FD2  92C1               	bcf	4033,1,c	;volatile
   125  007FD4  94C1               	bcf	4033,2,c	;volatile
   126  007FD6  96C1               	bcf	4033,3,c	;volatile
   127                           
   128                           ;Programa_principal.c: 43: ADCON1bits.VCFG = 0;
   129  007FD8  0ECF               	movlw	-49
   130  007FDA  16C1               	andwf	4033,f,c	;volatile
   131                           
   132                           ;Programa_principal.c: 44: ADCON0 = 0;
   133  007FDC  0E00               	movlw	0
   134  007FDE  6EC2               	movwf	4034,c	;volatile
   135                           
   136                           ;Programa_principal.c: 45: ADCON2bits.ACQT = 3;
   137  007FE0  50C0               	movf	4032,w,c	;volatile
   138  007FE2  0BC7               	andlw	-57
   139  007FE4  0918               	iorlw	24
   140  007FE6  6EC0               	movwf	4032,c	;volatile
   141                           
   142                           ;Programa_principal.c: 46: ADCON2bits.ADCS = 5;
   143  007FE8  50C0               	movf	4032,w,c	;volatile
   144  007FEA  0BF8               	andlw	-8
   145  007FEC  0905               	iorlw	5
   146  007FEE  6EC0               	movwf	4032,c	;volatile
   147                           
   148                           ;Programa_principal.c: 47: ADCON2bits.ADFM = 1;
   149  007FF0  8EC0               	bsf	4032,7,c	;volatile
   150                           
   151                           ;Programa_principal.c: 48: ADCON0bits.ADON = 1;
   152  007FF2  80C2               	bsf	4034,0,c	;volatile
   153  007FF4                     
   154                           ;Programa_principal.c: 50: ADCON0bits.GO_DONE = 1;
   155  007FF4  82C2               	bsf	4034,1,c	;volatile
   156  007FF6  B2C2               	btfsc	4034,1,c	;volatile
   157  007FF8  D7FE               	goto	l23
   158                           
   159                           ;Programa_principal.c: 52: PORTD = ADRESL;
   160  007FFA  CFC3 FF83          	movff	4035,3971	;volatile
   161  007FFE  D7FA               	goto	l21
   162  008000                     __end_of_main:
   163                           	opt stack 0
   164  0000                     
   165                           	psect	rparam


Data Sizes:
    Strings     0
    Constant    0
    Data        0
    BSS         0
    Persistent  0
    Stack       0

Auto Spaces:
    Space          Size  Autos    Used
    COMRAM           95      0       0
    BANK0           160      0       0
    BANK1           256      0       0
    BANK2           256      0       0
    BANK3           256      0       0
    BANK4           256      0       0
    BANK5           256      0       0
    BANK6           256      0       0
    BANK7           256      0       0

Pointer List with Targets:

    None.

Critical Paths under _main in COMRAM

    None.

Critical Paths under _main in BANK0

    None.

Critical Paths under _main in BANK1

    None.

Critical Paths under _main in BANK2

    None.

Critical Paths under _main in BANK3

    None.

Critical Paths under _main in BANK4

    None.

Critical Paths under _main in BANK5

    None.

Critical Paths under _main in BANK6

    None.

Critical Paths under _main in BANK7

    None.

Call Graph Tables:

 ---------------------------------------------------------------------------------
 (Depth) Function   	        Calls       Base Space   Used Autos Params    Refs
 ---------------------------------------------------------------------------------
 (0) _main                                                 0     0      0       0
 ---------------------------------------------------------------------------------
 Estimated maximum stack depth 0
 ---------------------------------------------------------------------------------

 Call Graph Graphs:

 _main (ROOT)

 Address spaces:
Name               Size   Autos  Total    Cost      Usage
BITCOMRAM           5F      0       0       0        0.0%
EEDATA             100      0       0       0        0.0%
NULL                 0      0       0       0        0.0%
CODE                 0      0       0       0        0.0%
COMRAM              5F      0       0       1        0.0%
STACK                0      0       0       2        0.0%
DATA                 0      0       0       3        0.0%
BITBANK0            A0      0       0       4        0.0%
BANK0               A0      0       0       5        0.0%
BITBANK1           100      0       0       6        0.0%
BANK1              100      0       0       7        0.0%
BITBANK2           100      0       0       8        0.0%
BANK2              100      0       0       9        0.0%
BITBANK3           100      0       0      10        0.0%
BANK3              100      0       0      11        0.0%
BITBANK4           100      0       0      12        0.0%
BANK4              100      0       0      13        0.0%
BITBANK5           100      0       0      14        0.0%
BANK5              100      0       0      15        0.0%
BITBANK6           100      0       0      16        0.0%
BANK6              100      0       0      17        0.0%
BITBANK7           100      0       0      18        0.0%
BANK7              100      0       0      19        0.0%
ABS                  0      0       0      20        0.0%
BIGRAM             7FF      0       0      21        0.0%
BITSFR               0      0       0     200        0.0%
SFR                  0      0       0     200        0.0%


Microchip Technology PIC18 Macro Assembler V1.45 build -152302408 
Symbol Table                                                                                   Tue May 22 21:48:54 2018

                     l21 7FF4                       l23 7FF6              __CFG_BORV$3 000000  
           __CFG_CP0$OFF 000000             __CFG_CP1$OFF 000000             __CFG_CP2$OFF 000000  
           __CFG_CP3$OFF 000000             __CFG_CPB$OFF 000000             __CFG_CPD$OFF 000000  
           __CFG_BOR$OFF 000000             __CFG_FOSC$HS 000000             __CFG_LVP$OFF 000000  
           __CFG_WDT$OFF 000000             __CFG_PWRT$ON 000000                     _main 7FC8  
                   start 0000            __CFG_IESO$OFF 000000            __CFG_MCLRE$ON 000000  
           ___param_bank 000000            __CFG_PLLDIV$1 000000           __CFG_CCP2MX$ON 000000  
                  ?_main 0000                    _PORTD 000F83            __CFG_USBDIV$1 000000  
                  _TRISA 000F92                    _TRISD 000F95            __CFG_WRT0$OFF 000000  
          __CFG_WRT1$OFF 000000            __CFG_WRT2$OFF 000000            __CFG_WRT3$OFF 000000  
         __CFG_EBTR0$OFF 000000           __CFG_FCMEN$OFF 000000           __CFG_EBTR1$OFF 000000  
         __CFG_EBTR2$OFF 000000           __CFG_EBTR3$OFF 000000            __CFG_WRTB$OFF 000000  
          __CFG_WRTC$OFF 000000            __CFG_WRTD$OFF 000000           __CFG_EBTRB$OFF 000000  
         __CFG_ICPRT$OFF 000000           __CFG_PBADEN$ON 000000          __initialization 7FC2  
           __end_of_main 8000                   ??_main 0000            __activetblptr 000000  
                 _ADCON0 000FC2                   _ADRESL 000FC3           __CFG_XINST$OFF 000000  
         __CFG_STVREN$ON 000000               __accesstop 0060  __end_of__initialization 7FC2  
          ___rparam_used 000001           __pcstackCOMRAM 0000          __CFG_VREGEN$OFF 000000  
                __Hparam 0000                  __Lparam 0000                  __pcinit 7FC2  
                __ramtop 0800                  __ptext0 7FC8     end_of_initialization 7FC2  
    start_initialization 7FC2         __CFG_LPT1OSC$OFF 000000         __CFG_WDTPS$32768 000000  
             _ADCON0bits 000FC2               _ADCON1bits 000FC1               _ADCON2bits 000FC0  
               __Hrparam 0000                 __Lrparam 0000            __size_of_main 0038  
  __CFG_CPUDIV$OSC1_PLL2 000000  
