

Microchip Technology PIC18 LITE Macro Assembler V1.45 build -152302408 
                                                                                               Thu Jan 04 01:48:10 2018

Microchip Technology Omniscient Code Generator v1.45 (Free mode) build 201711160504
     1                           	processor	18F4550
     2                           	fnconf	rparam,??,?,0
     3                           	opt	pw 120
     4                           	opt	lm
     5                           	psect	cinit,global,reloc=2,class=CODE,delta=1
     6                           	psect	cstackCOMRAM,global,class=COMRAM,space=1,delta=1,noexec
     7                           	psect	text0,global,reloc=2,class=CODE,delta=1
     8                           	psect	text1,global,reloc=2,class=CODE,delta=1
     9                           	psect	intsave_regs,global,class=BIGRAM,space=1,delta=1,noexec
    10                           	psect	rparam,global,class=COMRAM,space=1,delta=1,noexec
    11  0000                     
    12                           ; Version 1.45
    13                           ; Generated 16/11/2017 GMT
    14                           ; 
    15                           ; Copyright © 2017, Microchip Technology Inc. and its subsidiaries ("Microchip")
    16                           ; All rights reserved.
    17                           ; 
    18                           ; This software is developed by Microchip Technology Inc. and its subsidiaries ("Microch
      +                          ip").
    19                           ; 
    20                           ; Redistribution and use in source and binary forms, with or without modification, are
    21                           ; permitted provided that the following conditions are met:
    22                           ; 
    23                           ;     1. Redistributions of source code must retain the above copyright notice, this lis
      +                          t of
    24                           ;        conditions and the following disclaimer.
    25                           ; 
    26                           ;     2. Redistributions in binary form must reproduce the above copyright notice, this 
      +                          list
    27                           ;        of conditions and the following disclaimer in the documentation and/or other
    28                           ;        materials provided with the distribution.
    29                           ; 
    30                           ;     3. Microchip's name may not be used to endorse or promote products derived from th
      +                          is
    31                           ;        software without specific prior written permission.
    32                           ; 
    33                           ; THIS SOFTWARE IS PROVIDED BY MICROCHIP "AS IS" AND ANY EXPRESS OR IMPLIED WARRANTIES,
    34                           ; INCLUDING, BUT NOT LIMITED TO, THE IMPLIED WARRANTIES OF MERCHANTABILITY AND FITNESS F
      +                          OR
    35                           ; PURPOSE ARE DISCLAIMED.  IN NO EVENT SHALL MICROCHIP BE LIABLE FOR ANY DIRECT, INDIREC
      +                          T,
    36                           ; INCIDENTAL, SPECIAL, EXEMPLARY, OR CONSEQUENTIAL DAMAGES (INCLUDING BUT NOT LIMITED TO
    37                           ; PROCUREMENT OF SUBSTITUTE GOODS OR SERVICES; LOSS OF USE, DATA OR PROFITS; OR BUSINESS
    38                           ; INTERRUPTION) HOWSOEVER CAUSED AND ON ANY THEORY OF LIABILITY, WHETHER IN CONTRACT, ST
      +                          RICT
    39                           ; LIABILITY, OR TORT (INCLUDING NEGLIGENCE OR OTHERWISE) ARISING IN ANY WAY OUT OF THE U
      +                          SE OF
    40                           ; THIS SOFTWARE, EVEN IF ADVISED OF THE POSSIBILITY OF SUCH DAMAGE.
    41                           ; 
    42                           ; 
    43                           ; Code-generator required, PIC18F4550 Definitions
    44                           ; 
    45                           ; SFR Addresses
    46  0000                     _PORTEbits	set	3972
    47  0000                     _PORTCbits	set	3970
    48  0000                     _PORTBbits	set	3969
    49  0000                     _PORTAbits	set	3968
    50  0000                     _PORTDbits	set	3971
    51  0000                     _TRISEbits	set	3990
    52  0000                     _TRISCbits	set	3988
    53  0000                     _TRISBbits	set	3987
    54  0000                     _TRISAbits	set	3986
    55  0000                     _TRISDbits	set	3989
    56  0000                     _LATE	set	3981
    57  0000                     _LATC	set	3979
    58  0000                     _LATB	set	3978
    59  0000                     _LATA	set	3977
    60  0000                     _LATD	set	3980
    61  0000                     _ADCON1bits	set	4033
    62                           
    63                           ; #config settings
    64  0000                     
    65                           	psect	cinit
    66  007F8C                     __pcinit:
    67                           	opt stack 0
    68  007F8C                     start_initialization:
    69                           	opt stack 0
    70  007F8C                     __initialization:
    71                           	opt stack 0
    72  007F8C                     end_of_initialization:
    73                           	opt stack 0
    74  007F8C                     __end_of__initialization:
    75                           	opt stack 0
    76  007F8C  0100               	movlb	0
    77  007F8E  EFDD  F03F         	goto	_main	;jump to C main() function
    78                           
    79                           	psect	cstackCOMRAM
    80  000001                     __pcstackCOMRAM:
    81                           	opt stack 0
    82  000001                     ??_main:
    83                           
    84                           ; 1 bytes @ 0x0
    85  000001                     	ds	2
    86                           
    87 ;;
    88 ;;Main: autosize = 0, tempsize = 2, incstack = 0, save=0
    89 ;;
    90 ;; *************** function _main *****************
    91 ;; Defined at:
    92 ;;		line 27 in file "Hola_mundo.c"
    93 ;; Parameters:    Size  Location     Type
    94 ;;		None
    95 ;; Auto vars:     Size  Location     Type
    96 ;;		None
    97 ;; Return value:  Size  Location     Type
    98 ;;                  1    wreg      void 
    99 ;; Registers used:
   100 ;;		wreg, status,2, cstack
   101 ;; Tracked objects:
   102 ;;		On entry : 0/0
   103 ;;		On exit  : 0/0
   104 ;;		Unchanged: 0/0
   105 ;; Data sizes:     COMRAM   BANK0   BANK1   BANK2   BANK3   BANK4   BANK5   BANK6   BANK7
   106 ;;      Params:         0       0       0       0       0       0       0       0       0
   107 ;;      Locals:         0       0       0       0       0       0       0       0       0
   108 ;;      Temps:          2       0       0       0       0       0       0       0       0
   109 ;;      Totals:         2       0       0       0       0       0       0       0       0
   110 ;;Total ram usage:        2 bytes
   111 ;; Hardware stack levels required when called:    1
   112 ;; This function calls:
   113 ;;		_InitPort
   114 ;; This function is called by:
   115 ;;		Startup code after reset
   116 ;; This function uses a non-reentrant model
   117 ;;
   118                           
   119                           	psect	text0
   120  007FBA                     __ptext0:
   121                           	opt stack 0
   122  007FBA                     _main:
   123                           	opt stack 30
   124                           
   125                           ;Hola_mundo.c: 28: InitPort();
   126                           
   127                           ;incstack = 0
   128  007FBA  ECC9  F03F         	call	_InitPort	;wreg free
   129  007FBE                     
   130                           ;Hola_mundo.c: 30: PORTDbits.RD1 = 1;
   131  007FBE  8283               	bsf	3971,1,c	;volatile
   132                           
   133                           ;Hola_mundo.c: 31: PORTAbits.RA1 = 1;
   134  007FC0  8280               	bsf	3968,1,c	;volatile
   135                           
   136                           ;Hola_mundo.c: 32: PORTBbits.RB1 = 1;
   137  007FC2  8281               	bsf	3969,1,c	;volatile
   138                           
   139                           ;Hola_mundo.c: 33: PORTCbits.RC1 = 1;
   140  007FC4  8282               	bsf	3970,1,c	;volatile
   141                           
   142                           ;Hola_mundo.c: 34: PORTEbits.RE1 = 1;
   143  007FC6  8284               	bsf	3972,1,c	;volatile
   144                           
   145                           ;Hola_mundo.c: 35: _delay((unsigned long)((100)*(20000000/4000.0)));
   146  007FC8  0E03               	movlw	3
   147  007FCA  6E02               	movwf	(??_main+1)& (0+255),c
   148  007FCC  0E8A               	movlw	138
   149  007FCE  6E01               	movwf	??_main& (0+255),c
   150  007FD0  0E56               	movlw	86
   151  007FD2                     u17:
   152  007FD2  2EE8               	decfsz	wreg,f,c
   153  007FD4  D7FE               	bra	u17
   154  007FD6  2E01               	decfsz	??_main& (0+255),f,c
   155  007FD8  D7FC               	bra	u17
   156  007FDA  2E02               	decfsz	(??_main+1)& (0+255),f,c
   157  007FDC  D7FA               	bra	u17
   158                           
   159                           ;Hola_mundo.c: 36: PORTDbits.RD1 = 0;
   160  007FDE  9283               	bcf	3971,1,c	;volatile
   161                           
   162                           ;Hola_mundo.c: 37: PORTAbits.RA1 = 0;
   163  007FE0  9280               	bcf	3968,1,c	;volatile
   164                           
   165                           ;Hola_mundo.c: 38: PORTBbits.RB1 = 0;
   166  007FE2  9281               	bcf	3969,1,c	;volatile
   167                           
   168                           ;Hola_mundo.c: 39: PORTCbits.RC1 = 0;
   169  007FE4  9282               	bcf	3970,1,c	;volatile
   170                           
   171                           ;Hola_mundo.c: 40: PORTEbits.RE1 = 0;
   172  007FE6  9284               	bcf	3972,1,c	;volatile
   173                           
   174                           ;Hola_mundo.c: 41: _delay((unsigned long)((100)*(20000000/4000.0)));
   175  007FE8  0E03               	movlw	3
   176  007FEA  6E02               	movwf	(??_main+1)& (0+255),c
   177  007FEC  0E8A               	movlw	138
   178  007FEE  6E01               	movwf	??_main& (0+255),c
   179  007FF0  0E56               	movlw	86
   180  007FF2                     u27:
   181  007FF2  2EE8               	decfsz	wreg,f,c
   182  007FF4  D7FE               	bra	u27
   183  007FF6  2E01               	decfsz	??_main& (0+255),f,c
   184  007FF8  D7FC               	bra	u27
   185  007FFA  2E02               	decfsz	(??_main+1)& (0+255),f,c
   186  007FFC  D7FA               	bra	u27
   187  007FFE  D7DF               	goto	l42
   188  008000                     __end_of_main:
   189                           	opt stack 0
   190                           wreg	equ	0xFE8
   191                           
   192 ;; *************** function _InitPort *****************
   193 ;; Defined at:
   194 ;;		line 13 in file "Hola_mundo.c"
   195 ;; Parameters:    Size  Location     Type
   196 ;;		None
   197 ;; Auto vars:     Size  Location     Type
   198 ;;		None
   199 ;; Return value:  Size  Location     Type
   200 ;;                  1    wreg      void 
   201 ;; Registers used:
   202 ;;		wreg, status,2
   203 ;; Tracked objects:
   204 ;;		On entry : 0/0
   205 ;;		On exit  : 0/0
   206 ;;		Unchanged: 0/0
   207 ;; Data sizes:     COMRAM   BANK0   BANK1   BANK2   BANK3   BANK4   BANK5   BANK6   BANK7
   208 ;;      Params:         0       0       0       0       0       0       0       0       0
   209 ;;      Locals:         0       0       0       0       0       0       0       0       0
   210 ;;      Temps:          0       0       0       0       0       0       0       0       0
   211 ;;      Totals:         0       0       0       0       0       0       0       0       0
   212 ;;Total ram usage:        0 bytes
   213 ;; Hardware stack levels used:    1
   214 ;; This function calls:
   215 ;;		Nothing
   216 ;; This function is called by:
   217 ;;		_main
   218 ;; This function uses a non-reentrant model
   219 ;;
   220                           
   221                           	psect	text1
   222  007F92                     __ptext1:
   223                           	opt stack 0
   224  007F92                     _InitPort:
   225                           	opt stack 30
   226                           
   227                           ;Hola_mundo.c: 14: ADCON1bits.PCFG = 0xFF;
   228                           
   229                           ;incstack = 0
   230  007F92  80C1               	bsf	4033,0,c	;volatile
   231  007F94  82C1               	bsf	4033,1,c	;volatile
   232  007F96  84C1               	bsf	4033,2,c	;volatile
   233  007F98  86C1               	bsf	4033,3,c	;volatile
   234                           
   235                           ;Hola_mundo.c: 15: LATD=0;
   236  007F9A  0E00               	movlw	0
   237  007F9C  6E8C               	movwf	3980,c	;volatile
   238                           
   239                           ;Hola_mundo.c: 16: LATA=0;
   240  007F9E  0E00               	movlw	0
   241  007FA0  6E89               	movwf	3977,c	;volatile
   242                           
   243                           ;Hola_mundo.c: 17: LATB=0;
   244  007FA2  0E00               	movlw	0
   245  007FA4  6E8A               	movwf	3978,c	;volatile
   246                           
   247                           ;Hola_mundo.c: 18: LATC=0;
   248  007FA6  0E00               	movlw	0
   249  007FA8  6E8B               	movwf	3979,c	;volatile
   250                           
   251                           ;Hola_mundo.c: 19: LATE=0;
   252  007FAA  0E00               	movlw	0
   253  007FAC  6E8D               	movwf	3981,c	;volatile
   254                           
   255                           ;Hola_mundo.c: 20: TRISDbits.RD1=0;
   256  007FAE  9295               	bcf	3989,1,c	;volatile
   257                           
   258                           ;Hola_mundo.c: 21: TRISAbits.RA1=0;
   259  007FB0  9292               	bcf	3986,1,c	;volatile
   260                           
   261                           ;Hola_mundo.c: 22: TRISBbits.RB1=0;
   262  007FB2  9293               	bcf	3987,1,c	;volatile
   263                           
   264                           ;Hola_mundo.c: 23: TRISCbits.RC1=0;
   265  007FB4  9294               	bcf	3988,1,c	;volatile
   266                           
   267                           ;Hola_mundo.c: 24: TRISEbits.RE1=0;
   268  007FB6  9296               	bcf	3990,1,c	;volatile
   269  007FB8  0012               	return		;funcret
   270  007FBA                     __end_of_InitPort:
   271                           	opt stack 0
   272  0000                     wreg	equ	0xFE8
   273                           wreg	equ	0xFE8
   274                           
   275                           	psect	rparam
   276  0000                     wreg	equ	0xFE8


Data Sizes:
    Strings     0
    Constant    0
    Data        0
    BSS         0
    Persistent  0
    Stack       0

Auto Spaces:
    Space          Size  Autos    Used
    COMRAM           95      2       2
    BANK0           160      0       0
    BANK1           256      0       0
    BANK2           256      0       0
    BANK3           256      0       0
    BANK4           256      0       0
    BANK5           256      0       0
    BANK6           256      0       0
    BANK7           256      0       0

Pointer List with Targets:

    None.

Critical Paths under _main in COMRAM

    None.

Critical Paths under _main in BANK0

    None.

Critical Paths under _main in BANK1

    None.

Critical Paths under _main in BANK2

    None.

Critical Paths under _main in BANK3

    None.

Critical Paths under _main in BANK4

    None.

Critical Paths under _main in BANK5

    None.

Critical Paths under _main in BANK6

    None.

Critical Paths under _main in BANK7

    None.

Call Graph Tables:

 ---------------------------------------------------------------------------------
 (Depth) Function   	        Calls       Base Space   Used Autos Params    Refs
 ---------------------------------------------------------------------------------
 (0) _main                                                 2     2      0       0
                                              0 COMRAM     2     2      0
                           _InitPort
 ---------------------------------------------------------------------------------
 (1) _InitPort                                             0     0      0       0
 ---------------------------------------------------------------------------------
 Estimated maximum stack depth 1
 ---------------------------------------------------------------------------------

 Call Graph Graphs:

 _main (ROOT)
   _InitPort

 Address spaces:
Name               Size   Autos  Total    Cost      Usage
BITCOMRAM           5F      0       0       0        0.0%
EEDATA             100      0       0       0        0.0%
NULL                 0      0       0       0        0.0%
CODE                 0      0       0       0        0.0%
COMRAM              5F      2       2       1        2.1%
STACK                0      0       0       2        0.0%
DATA                 0      0       0       3        0.0%
BITBANK0            A0      0       0       4        0.0%
BANK0               A0      0       0       5        0.0%
BITBANK1           100      0       0       6        0.0%
BANK1              100      0       0       7        0.0%
BITBANK2           100      0       0       8        0.0%
BANK2              100      0       0       9        0.0%
BITBANK3           100      0       0      10        0.0%
BANK3              100      0       0      11        0.0%
BITBANK4           100      0       0      12        0.0%
BANK4              100      0       0      13        0.0%
BITBANK5           100      0       0      14        0.0%
BANK5              100      0       0      15        0.0%
BITBANK6           100      0       0      16        0.0%
BANK6              100      0       0      17        0.0%
BITBANK7           100      0       0      18        0.0%
BANK7              100      0       0      19        0.0%
ABS                  0      0       0      20        0.0%
BIGRAM             7FF      0       0      21        0.0%
BITSFR               0      0       0     200        0.0%
SFR                  0      0       0     200        0.0%


Microchip Technology PIC18 Macro Assembler V1.45 build -152302408 
Symbol Table                                                                                   Thu Jan 04 01:48:10 2018

                     l42 7FBE                       u17 7FD2                       u27 7FF2  
            __CFG_BORV$3 000000             __CFG_CP0$OFF 000000             __CFG_CP1$OFF 000000  
           __CFG_CP2$OFF 000000             __CFG_CP3$OFF 000000             __CFG_CPB$OFF 000000  
           __CFG_CPD$OFF 000000             __CFG_BOR$OFF 000000                      wreg 000FE8  
           __CFG_LVP$OFF 000000             __CFG_WDT$OFF 000000                     _LATA 000F89  
                   _LATB 000F8A                     _LATC 000F8B                     _LATD 000F8C  
                   _LATE 000F8D             __CFG_PWRT$ON 000000                     _main 7FBA  
                   start 0000            __CFG_IESO$OFF 000000            __CFG_MCLRE$ON 000000  
           ___param_bank 000000            __CFG_PLLDIV$5 000000           __CFG_CCP2MX$ON 000000  
                  ?_main 0001            __CFG_USBDIV$1 000000            __CFG_WRT0$OFF 000000  
          __CFG_WRT1$OFF 000000            __CFG_WRT2$OFF 000000            __CFG_WRT3$OFF 000000  
         __CFG_EBTR0$OFF 000000           __CFG_FCMEN$OFF 000000           __CFG_EBTR1$OFF 000000  
         __CFG_EBTR2$OFF 000000           __CFG_EBTR3$OFF 000000            __CFG_WRTB$OFF 000000  
          __CFG_WRTC$OFF 000000            __CFG_WRTD$OFF 000000           __CFG_EBTRB$OFF 000000  
         __CFG_ICPRT$OFF 000000           __CFG_PBADEN$ON 000000          __initialization 7F8C  
           __end_of_main 8000         __end_of_InitPort 7FBA                   ??_main 0001  
          __activetblptr 000000           __CFG_XINST$OFF 000000           __CFG_STVREN$ON 000000  
             __accesstop 0060  __end_of__initialization 7F8C            ___rparam_used 000001  
         __pcstackCOMRAM 0001                ?_InitPort 0001          __CFG_VREGEN$OFF 000000  
             ??_InitPort 0001                  __Hparam 0000                  __Lparam 0000  
                __pcinit 7F8C                  __ramtop 0800                  __ptext0 7FBA  
                __ptext1 7F92     end_of_initialization 7F8C                _PORTAbits 000F80  
              _PORTBbits 000F81                _PORTCbits 000F82                _PORTDbits 000F83  
              _PORTEbits 000F84                _TRISAbits 000F92                _TRISBbits 000F93  
              _TRISCbits 000F94                _TRISDbits 000F95                _TRISEbits 000F96  
    start_initialization 7F8C        __size_of_InitPort 0028         __CFG_LPT1OSC$OFF 000000  
       __CFG_WDTPS$32768 000000               _ADCON1bits 000FC1                 _InitPort 7F92  
               __Hrparam 0000                 __Lrparam 0000            __size_of_main 0046  
  __CFG_CPUDIV$OSC1_PLL2 000000       __CFG_FOSC$HSPLL_HS 000000  
