

Microchip MPLAB XC8 Assembler V2.05 build -831301201 
                                                                                               Mon Mar 04 07:20:50 2019

Microchip MPLAB XC8 C Compiler v2.05 (Free license) build 20181220022703 Og1 
     1                           	processor	18F4550
     2                           	fnconf	rparam,??,?,0
     3                           	opt	pw 120
     4                           	opt	flic
     5                           	psect	cinit,global,reloc=2,class=CODE,delta=1
     6                           	psect	cstackCOMRAM,global,class=COMRAM,space=1,delta=1,noexec
     7                           	psect	text0,global,reloc=2,class=CODE,delta=1
     8                           	psect	text1,global,reloc=2,class=CODE,delta=1
     9                           	psect	text2,global,reloc=2,class=CODE,delta=1
    10                           	psect	intsave_regs,global,class=BIGRAM,space=1,delta=1,noexec
    11                           	psect	rparam,global,class=COMRAM,space=1,delta=1,noexec
    12  0000                     
    13                           ; Version 2.05
    14                           ; Generated 20/12/2018 GMT
    15                           ; 
    16                           ; Copyright © 2018, Microchip Technology Inc. and its subsidiaries ("Microchip")
    17                           ; All rights reserved.
    18                           ; 
    19                           ; This software is developed by Microchip Technology Inc. and its subsidiaries ("Microch
      +                          ip").
    20                           ; 
    21                           ; Redistribution and use in source and binary forms, with or without modification, are
    22                           ; permitted provided that the following conditions are met:
    23                           ; 
    24                           ;     1. Redistributions of source code must retain the above copyright notice, this lis
      +                          t of
    25                           ;        conditions and the following disclaimer.
    26                           ; 
    27                           ;     2. Redistributions in binary form must reproduce the above copyright notice, this 
      +                          list
    28                           ;        of conditions and the following disclaimer in the documentation and/or other
    29                           ;        materials provided with the distribution.
    30                           ; 
    31                           ;     3. Microchip's name may not be used to endorse or promote products derived from th
      +                          is
    32                           ;        software without specific prior written permission.
    33                           ; 
    34                           ; THIS SOFTWARE IS PROVIDED BY MICROCHIP "AS IS" AND ANY EXPRESS OR IMPLIED WARRANTIES,
    35                           ; INCLUDING, BUT NOT LIMITED TO, THE IMPLIED WARRANTIES OF MERCHANTABILITY AND FITNESS F
      +                          OR
    36                           ; PURPOSE ARE DISCLAIMED.  IN NO EVENT SHALL MICROCHIP BE LIABLE FOR ANY DIRECT, INDIREC
      +                          T,
    37                           ; INCIDENTAL, SPECIAL, EXEMPLARY, OR CONSEQUENTIAL DAMAGES (INCLUDING BUT NOT LIMITED TO
    38                           ; PROCUREMENT OF SUBSTITUTE GOODS OR SERVICES; LOSS OF USE, DATA OR PROFITS; OR BUSINESS
    39                           ; INTERRUPTION) HOWSOEVER CAUSED AND ON ANY THEORY OF LIABILITY, WHETHER IN CONTRACT, ST
      +                          RICT
    40                           ; LIABILITY, OR TORT (INCLUDING NEGLIGENCE OR OTHERWISE) ARISING IN ANY WAY OUT OF THE U
      +                          SE OF
    41                           ; THIS SOFTWARE, EVEN IF ADVISED OF THE POSSIBILITY OF SUCH DAMAGE.
    42                           ; 
    43                           ; 
    44                           ; Code-generator required, PIC18F4550 Definitions
    45                           ; 
    46                           ; SFR Addresses
    47  0000                     _PIR2bits	set	4001
    48  0000                     _EECON2	set	4007
    49  0000                     _INTCONbits	set	4082
    50  0000                     _EECON1bits	set	4006
    51  0000                     _EEDATA	set	4008
    52  0000                     _EEADR	set	4009
    53  0000                     _LATD	set	3980
    54  0000                     _TRISD	set	3989
    55                           
    56                           ; #config settings
    57  0000                     
    58                           	psect	cinit
    59  007F5E                     __pcinit:
    60                           	opt callstack 0
    61  007F5E                     start_initialization:
    62                           	opt callstack 0
    63  007F5E                     __initialization:
    64                           	opt callstack 0
    65  007F5E                     end_of_initialization:
    66                           	opt callstack 0
    67  007F5E                     __end_of__initialization:
    68                           	opt callstack 0
    69  007F5E  0100               	movlb	0
    70  007F60  EFCC  F03F         	goto	_main	;jump to C main() function
    71                           
    72                           	psect	cstackCOMRAM
    73  000001                     __pcstackCOMRAM:
    74                           	opt callstack 0
    75  000001                     EEPROM_Guardar@dir:
    76                           	opt callstack 0
    77  000001                     EEPROM_Lectura@dir:
    78                           	opt callstack 0
    79                           
    80                           ; 2 bytes @ 0x0
    81  000001                     	ds	2
    82  000003                     EEPROM_Guardar@data:
    83                           	opt callstack 0
    84                           
    85                           ; 1 bytes @ 0x2
    86  000003                     	ds	1
    87  000004                     
    88                           ; 1 bytes @ 0x3
    89 ;;
    90 ;;Main: autosize = 0, tempsize = 0, incstack = 0, save=0
    91 ;;
    92 ;; *************** function _main *****************
    93 ;; Defined at:
    94 ;;		line 13 in file "Programa_principal.c"
    95 ;; Parameters:    Size  Location     Type
    96 ;;		None
    97 ;; Auto vars:     Size  Location     Type
    98 ;;		None
    99 ;; Return value:  Size  Location     Type
   100 ;;                  1    wreg      void 
   101 ;; Registers used:
   102 ;;		wreg, status,2, cstack
   103 ;; Tracked objects:
   104 ;;		On entry : 0/0
   105 ;;		On exit  : 0/0
   106 ;;		Unchanged: 0/0
   107 ;; Data sizes:     COMRAM   BANK0   BANK1   BANK2   BANK3   BANK4   BANK5   BANK6   BANK7
   108 ;;      Params:         0       0       0       0       0       0       0       0       0
   109 ;;      Locals:         0       0       0       0       0       0       0       0       0
   110 ;;      Temps:          0       0       0       0       0       0       0       0       0
   111 ;;      Totals:         0       0       0       0       0       0       0       0       0
   112 ;;Total ram usage:        0 bytes
   113 ;; Hardware stack levels required when called:    1
   114 ;; This function calls:
   115 ;;		_EEPROM_Guardar
   116 ;;		_EEPROM_Lectura
   117 ;; This function is called by:
   118 ;;		Startup code after reset
   119 ;; This function uses a non-reentrant model
   120 ;;
   121                           
   122                           	psect	text0
   123  007F98                     __ptext0:
   124                           	opt callstack 0
   125  007F98                     _main:
   126                           	opt callstack 30
   127                           
   128                           ;Programa_principal.c: 14:     TRISD = 0;
   129                           
   130                           ;incstack = 0
   131  007F98  0E00               	movlw	0
   132  007F9A  6E95               	movwf	3989,c	;volatile
   133                           
   134                           ;Programa_principal.c: 15:     LATD = 0;
   135  007F9C  0E00               	movlw	0
   136  007F9E  6E8C               	movwf	3980,c	;volatile
   137                           
   138                           ;Programa_principal.c: 16:     EEPROM_Guardar(0,'W');
   139  007FA0  0E00               	movlw	0
   140  007FA2  6E02               	movwf	EEPROM_Guardar@dir+1,c
   141  007FA4  0E00               	movlw	0
   142  007FA6  6E01               	movwf	EEPROM_Guardar@dir,c
   143  007FA8  0E57               	movlw	87
   144  007FAA  6E03               	movwf	EEPROM_Guardar@data,c
   145  007FAC  ECB9  F03F         	call	_EEPROM_Guardar	;wreg free
   146                           
   147                           ;Programa_principal.c: 17:     EEPROM_Guardar(1,'E');
   148  007FB0  0E00               	movlw	0
   149  007FB2  6E02               	movwf	EEPROM_Guardar@dir+1,c
   150  007FB4  0E01               	movlw	1
   151  007FB6  6E01               	movwf	EEPROM_Guardar@dir,c
   152  007FB8  0E45               	movlw	69
   153  007FBA  6E03               	movwf	EEPROM_Guardar@data,c
   154  007FBC  ECB9  F03F         	call	_EEPROM_Guardar	;wreg free
   155                           
   156                           ;Programa_principal.c: 18:     EEPROM_Guardar(2,'L');
   157  007FC0  0E00               	movlw	0
   158  007FC2  6E02               	movwf	EEPROM_Guardar@dir+1,c
   159  007FC4  0E02               	movlw	2
   160  007FC6  6E01               	movwf	EEPROM_Guardar@dir,c
   161  007FC8  0E4C               	movlw	76
   162  007FCA  6E03               	movwf	EEPROM_Guardar@data,c
   163  007FCC  ECB9  F03F         	call	_EEPROM_Guardar	;wreg free
   164                           
   165                           ;Programa_principal.c: 19:     EEPROM_Guardar(3,'S');
   166  007FD0  0E00               	movlw	0
   167  007FD2  6E02               	movwf	EEPROM_Guardar@dir+1,c
   168  007FD4  0E03               	movlw	3
   169  007FD6  6E01               	movwf	EEPROM_Guardar@dir,c
   170  007FD8  0E53               	movlw	83
   171  007FDA  6E03               	movwf	EEPROM_Guardar@data,c
   172  007FDC  ECB9  F03F         	call	_EEPROM_Guardar	;wreg free
   173                           
   174                           ;Programa_principal.c: 20:     EEPROM_Guardar(128,'X');
   175  007FE0  0E00               	movlw	0
   176  007FE2  6E02               	movwf	EEPROM_Guardar@dir+1,c
   177  007FE4  0E80               	movlw	128
   178  007FE6  6E01               	movwf	EEPROM_Guardar@dir,c
   179  007FE8  0E58               	movlw	88
   180  007FEA  6E03               	movwf	EEPROM_Guardar@data,c
   181  007FEC  ECB9  F03F         	call	_EEPROM_Guardar	;wreg free
   182  007FF0                     l767:
   183                           
   184                           ;Programa_principal.c: 22:         LATD = EEPROM_Lectura(4);
   185  007FF0  0E00               	movlw	0
   186  007FF2  6E02               	movwf	EEPROM_Lectura@dir+1,c
   187  007FF4  0E04               	movlw	4
   188  007FF6  6E01               	movwf	EEPROM_Lectura@dir,c
   189  007FF8  ECB2  F03F         	call	_EEPROM_Lectura	;wreg free
   190  007FFC  6E8C               	movwf	3980,c	;volatile
   191  007FFE  D7F8               	goto	l767
   192  008000                     __end_of_main:
   193                           	opt callstack 0
   194                           
   195 ;; *************** function _EEPROM_Lectura *****************
   196 ;; Defined at:
   197 ;;		line 19 in file "EEPROM_Libreria.c"
   198 ;; Parameters:    Size  Location     Type
   199 ;;  dir             2    0[COMRAM] int 
   200 ;; Auto vars:     Size  Location     Type
   201 ;;		None
   202 ;; Return value:  Size  Location     Type
   203 ;;                  1    wreg      unsigned char 
   204 ;; Registers used:
   205 ;;		wreg, status,2
   206 ;; Tracked objects:
   207 ;;		On entry : 0/0
   208 ;;		On exit  : 0/0
   209 ;;		Unchanged: 0/0
   210 ;; Data sizes:     COMRAM   BANK0   BANK1   BANK2   BANK3   BANK4   BANK5   BANK6   BANK7
   211 ;;      Params:         2       0       0       0       0       0       0       0       0
   212 ;;      Locals:         0       0       0       0       0       0       0       0       0
   213 ;;      Temps:          0       0       0       0       0       0       0       0       0
   214 ;;      Totals:         2       0       0       0       0       0       0       0       0
   215 ;;Total ram usage:        2 bytes
   216 ;; Hardware stack levels used:    1
   217 ;; This function calls:
   218 ;;		Nothing
   219 ;; This function is called by:
   220 ;;		_main
   221 ;; This function uses a non-reentrant model
   222 ;;
   223                           
   224                           	psect	text1
   225  007F64                     __ptext1:
   226                           	opt callstack 0
   227  007F64                     _EEPROM_Lectura:
   228                           	opt callstack 30
   229                           
   230                           ;EEPROM_Libreria.c: 20:     EEADR = dir;
   231                           
   232                           ;incstack = 0
   233  007F64  C001  FFA9         	movff	EEPROM_Lectura@dir,4009	;volatile
   234                           
   235                           ;EEPROM_Libreria.c: 21:     EECON1bits.EEPGD = 0;
   236  007F68  9EA6               	bcf	4006,7,c	;volsfr
   237                           
   238                           ;EEPROM_Libreria.c: 22:     EECON1bits.CFGS = 0;
   239  007F6A  9CA6               	bcf	4006,6,c	;volsfr
   240                           
   241                           ;EEPROM_Libreria.c: 23:     EECON1bits.RD = 1;
   242  007F6C  80A6               	bsf	4006,0,c	;volsfr
   243                           
   244                           ;EEPROM_Libreria.c: 24:     return EEDATA;
   245  007F6E  50A8               	movf	4008,w,c	;volatile
   246  007F70  0012               	return		;funcret
   247  007F72                     __end_of_EEPROM_Lectura:
   248                           	opt callstack 0
   249                           
   250 ;; *************** function _EEPROM_Guardar *****************
   251 ;; Defined at:
   252 ;;		line 3 in file "EEPROM_Libreria.c"
   253 ;; Parameters:    Size  Location     Type
   254 ;;  dir             2    0[COMRAM] int 
   255 ;;  data            1    2[COMRAM] unsigned char 
   256 ;; Auto vars:     Size  Location     Type
   257 ;;		None
   258 ;; Return value:  Size  Location     Type
   259 ;;                  1    wreg      void 
   260 ;; Registers used:
   261 ;;		wreg, status,2
   262 ;; Tracked objects:
   263 ;;		On entry : 0/0
   264 ;;		On exit  : 0/0
   265 ;;		Unchanged: 0/0
   266 ;; Data sizes:     COMRAM   BANK0   BANK1   BANK2   BANK3   BANK4   BANK5   BANK6   BANK7
   267 ;;      Params:         3       0       0       0       0       0       0       0       0
   268 ;;      Locals:         0       0       0       0       0       0       0       0       0
   269 ;;      Temps:          0       0       0       0       0       0       0       0       0
   270 ;;      Totals:         3       0       0       0       0       0       0       0       0
   271 ;;Total ram usage:        3 bytes
   272 ;; Hardware stack levels used:    1
   273 ;; This function calls:
   274 ;;		Nothing
   275 ;; This function is called by:
   276 ;;		_main
   277 ;; This function uses a non-reentrant model
   278 ;;
   279                           
   280                           	psect	text2
   281  007F72                     __ptext2:
   282                           	opt callstack 0
   283  007F72                     _EEPROM_Guardar:
   284                           	opt callstack 30
   285                           
   286                           ;EEPROM_Libreria.c: 4:     EEADR = dir;
   287                           
   288                           ;incstack = 0
   289  007F72  C001  FFA9         	movff	EEPROM_Guardar@dir,4009	;volatile
   290                           
   291                           ;EEPROM_Libreria.c: 5:     EEDATA = data;
   292  007F76  C003  FFA8         	movff	EEPROM_Guardar@data,4008	;volatile
   293                           
   294                           ;EEPROM_Libreria.c: 6:     EECON1bits.EEPGD = 0;
   295  007F7A  9EA6               	bcf	4006,7,c	;volsfr
   296                           
   297                           ;EEPROM_Libreria.c: 7:     EECON1bits.CFGS = 0;
   298  007F7C  9CA6               	bcf	4006,6,c	;volsfr
   299                           
   300                           ;EEPROM_Libreria.c: 8:     EECON1bits.WREN = 1;
   301  007F7E  84A6               	bsf	4006,2,c	;volsfr
   302                           
   303                           ;EEPROM_Libreria.c: 9:     INTCONbits.GIE = 0;
   304  007F80  9EF2               	bcf	4082,7,c	;volatile
   305                           
   306                           ;EEPROM_Libreria.c: 10:     EECON2 = 0x55;
   307  007F82  0E55               	movlw	85
   308  007F84  6EA7               	movwf	4007,c	;volsfr
   309                           
   310                           ;EEPROM_Libreria.c: 11:     EECON2 = 0x0AA;
   311  007F86  0EAA               	movlw	170
   312  007F88  6EA7               	movwf	4007,c	;volsfr
   313                           
   314                           ;EEPROM_Libreria.c: 12:     EECON1bits.WR = 1;
   315  007F8A  82A6               	bsf	4006,1,c	;volsfr
   316                           
   317                           ;EEPROM_Libreria.c: 13:     INTCONbits.GIE = 1;
   318  007F8C  8EF2               	bsf	4082,7,c	;volatile
   319  007F8E                     l31:
   320  007F8E  A8A1               	btfss	4001,4,c	;volatile
   321  007F90  D7FE               	goto	l31
   322                           
   323                           ;EEPROM_Libreria.c: 15:     PIR2bits.EEIF = 0;
   324  007F92  98A1               	bcf	4001,4,c	;volatile
   325                           
   326                           ;EEPROM_Libreria.c: 16:     EECON1bits.WREN = 0;
   327  007F94  94A6               	bcf	4006,2,c	;volsfr
   328  007F96  0012               	return		;funcret
   329  007F98                     __end_of_EEPROM_Guardar:
   330                           	opt callstack 0
   331  0000                     
   332                           	psect	rparam
   333  0000                     tosu	equ	0xFFF
   334                           tosh	equ	0xFFE
   335                           tosl	equ	0xFFD
   336                           stkptr	equ	0xFFC
   337                           pclatu	equ	0xFFB
   338                           pclath	equ	0xFFA
   339                           pcl	equ	0xFF9
   340                           tblptru	equ	0xFF8
   341                           tblptrh	equ	0xFF7
   342                           tblptrl	equ	0xFF6
   343                           tablat	equ	0xFF5
   344                           prodh	equ	0xFF4
   345                           prodl	equ	0xFF3
   346                           indf0	equ	0xFEF
   347                           postinc0	equ	0xFEE
   348                           postdec0	equ	0xFED
   349                           preinc0	equ	0xFEC
   350                           plusw0	equ	0xFEB
   351                           fsr0h	equ	0xFEA
   352                           fsr0l	equ	0xFE9
   353                           wreg	equ	0xFE8
   354                           indf1	equ	0xFE7
   355                           postinc1	equ	0xFE6
   356                           postdec1	equ	0xFE5
   357                           preinc1	equ	0xFE4
   358                           plusw1	equ	0xFE3
   359                           fsr1h	equ	0xFE2
   360                           fsr1l	equ	0xFE1
   361                           bsr	equ	0xFE0
   362                           indf2	equ	0xFDF
   363                           postinc2	equ	0xFDE
   364                           postdec2	equ	0xFDD
   365                           preinc2	equ	0xFDC
   366                           plusw2	equ	0xFDB
   367                           fsr2h	equ	0xFDA
   368                           fsr2l	equ	0xFD9
   369                           status	equ	0xFD8


Data Sizes:
    Strings     0
    Constant    0
    Data        0
    BSS         0
    Persistent  0
    Stack       0

Auto Spaces:
    Space          Size  Autos    Used
    COMRAM           95      3       3
    BANK0           160      0       0
    BANK1           256      0       0
    BANK2           256      0       0
    BANK3           256      0       0
    BANK4           256      0       0
    BANK5           256      0       0
    BANK6           256      0       0
    BANK7           256      0       0

Pointer List with Targets:

    None.

Critical Paths under _main in COMRAM

    _main->_EEPROM_Guardar

Critical Paths under _main in BANK0

    None.

Critical Paths under _main in BANK1

    None.

Critical Paths under _main in BANK2

    None.

Critical Paths under _main in BANK3

    None.

Critical Paths under _main in BANK4

    None.

Critical Paths under _main in BANK5

    None.

Critical Paths under _main in BANK6

    None.

Critical Paths under _main in BANK7

    None.

Call Graph Tables:

 ---------------------------------------------------------------------------------
 (Depth) Function   	        Calls       Base Space   Used Autos Params    Refs
 ---------------------------------------------------------------------------------
 (0) _main                                                 0     0      0     902
                     _EEPROM_Guardar
                     _EEPROM_Lectura
 ---------------------------------------------------------------------------------
 (1) _EEPROM_Lectura                                       2     0      2      98
                                              0 COMRAM     2     0      2
 ---------------------------------------------------------------------------------
 (1) _EEPROM_Guardar                                       3     0      3     804
                                              0 COMRAM     3     0      3
 ---------------------------------------------------------------------------------
 Estimated maximum stack depth 1
 ---------------------------------------------------------------------------------

 Call Graph Graphs:

 _main (ROOT)
   _EEPROM_Guardar
   _EEPROM_Lectura

 Address spaces:
Name               Size   Autos  Total    Cost      Usage
BITCOMRAM           5F      0       0       0        0.0%
EEDATA             100      0       0       0        0.0%
NULL                 0      0       0       0        0.0%
CODE                 0      0       0       0        0.0%
COMRAM              5F      3       3       1        3.2%
STACK                0      0       0       2        0.0%
DATA                 0      0       0       3        0.0%
BITBANK0            A0      0       0       4        0.0%
BANK0               A0      0       0       5        0.0%
BITBANK1           100      0       0       6        0.0%
BANK1              100      0       0       7        0.0%
BITBANK2           100      0       0       8        0.0%
BANK2              100      0       0       9        0.0%
BITBANK3           100      0       0      10        0.0%
BANK3              100      0       0      11        0.0%
BITBANK4           100      0       0      12        0.0%
BANK4              100      0       0      13        0.0%
BITBANK5           100      0       0      14        0.0%
BANK5              100      0       0      15        0.0%
BITBANK6           100      0       0      16        0.0%
BANK6              100      0       0      17        0.0%
BITBANK7           100      0       0      18        0.0%
BANK7              100      0       0      19        0.0%
ABS                  0      0       0      20        0.0%
BIGRAM             7FF      0       0      21        0.0%
BITSFR               0      0       0     200        0.0%
SFR                  0      0       0     200        0.0%


Microchip Technology PIC18 Macro Assembler V2.05 build -831301201 
Symbol Table                                                                                   Mon Mar 04 07:20:50 2019

                     l31 7F8E              __CFG_BOR$ON 000000              __CFG_BORV$3 000000  
           __CFG_CP0$OFF 000000             __CFG_CP1$OFF 000000             __CFG_CP2$OFF 000000  
           __CFG_CP3$OFF 000000              __CFG_LVP$ON 000000                      l767 7FF0  
           __CFG_CPB$OFF 000000             __CFG_CPD$OFF 000000  __size_of_EEPROM_Lectura 000E  
           __CFG_FOSC$HS 000000  __size_of_EEPROM_Guardar 0026             __CFG_WDT$OFF 000000  
                   _LATD 000F8C                     _main 7F98                     start 0000  
          __CFG_IESO$OFF 000000            __CFG_MCLRE$ON 000000             ___param_bank 000000  
          __CFG_PLLDIV$1 000000           __CFG_CCP2MX$ON 000000                    ?_main 0001  
                  _EEADR 000FA9            __CFG_USBDIV$1 000000                    _TRISD 000F95  
          __CFG_PWRT$OFF 000000            __CFG_WRT0$OFF 000000            __CFG_WRT1$OFF 000000  
          __CFG_WRT2$OFF 000000            __CFG_WRT3$OFF 000000           __CFG_EBTR0$OFF 000000  
         __CFG_FCMEN$OFF 000000           __CFG_EBTR1$OFF 000000           __CFG_EBTR2$OFF 000000  
         __CFG_EBTR3$OFF 000000            __CFG_WRTB$OFF 000000            __CFG_WRTC$OFF 000000  
          __CFG_WRTD$OFF 000000           __CFG_EBTRB$OFF 000000           __CFG_ICPRT$OFF 000000  
         __CFG_PBADEN$ON 000000          __initialization 7F5E             __end_of_main 8000  
                 ??_main 0004            __activetblptr 000000                   _EEDATA 000FA8  
                 _EECON2 000FA7           __CFG_XINST$OFF 000000           __CFG_STVREN$ON 000000  
         _EEPROM_Lectura 7F64           _EEPROM_Guardar 7F72               __accesstop 0060  
__end_of__initialization 7F5E            ___rparam_used 000001           __pcstackCOMRAM 0001  
 __end_of_EEPROM_Lectura 7F72   __end_of_EEPROM_Guardar 7F98          ?_EEPROM_Lectura 0001  
        ?_EEPROM_Guardar 0001          __CFG_VREGEN$OFF 000000                  __Hparam 0000  
                __Lparam 0000                  __pcinit 7F5E                  __ramtop 0800  
                __ptext0 7F98                  __ptext1 7F64                  __ptext2 7F72  
   end_of_initialization 7F5E      start_initialization 7F5E         ??_EEPROM_Lectura 0003  
       ??_EEPROM_Guardar 0004         __CFG_LPT1OSC$OFF 000000                 _PIR2bits 000FA1  
       __CFG_WDTPS$32768 000000               _EECON1bits 000FA6                 __Hrparam 0000  
               __Lrparam 0000            __size_of_main 0068    __CFG_CPUDIV$OSC1_PLL2 000000  
             _INTCONbits 000FF2       EEPROM_Guardar@data 0003        EEPROM_Lectura@dir 0001  
      EEPROM_Guardar@dir 0001  
